2021-08-08 16:26:50.229 [main] INFO  com.bonelf.demo.DemoApplication - Starting DemoApplication on CCYDESKTOP with PID 15716 (F:\chenyuan\bonelf\bonelf-nocloud\target\classes started by Chenyuan in F:\chenyuan\bonelf\bonelf-nocloud)
2021-08-08 16:26:50.239 [main] INFO  com.bonelf.demo.DemoApplication - The following profiles are active: bonelf,third,dev
2021-08-08 16:26:53.716 [main] INFO  o.s.d.r.config.RepositoryConfigurationDelegate - Multiple Spring Data modules found, entering strict repository configuration mode!
2021-08-08 16:26:53.721 [main] INFO  o.s.d.r.config.RepositoryConfigurationDelegate - Bootstrapping Spring Data Redis repositories in DEFAULT mode.
2021-08-08 16:26:53.775 [main] INFO  o.s.d.r.config.RepositoryConfigurationDelegate - Finished Spring Data repository scanning in 15ms. Found 0 Redis repository interfaces.
2021-08-08 16:26:55.550 [main] INFO  o.s.c.s.PostProcessorRegistrationDelegate$BeanPostProcessorChecker - Bean 'com.bonelf.frame.base.config.RedisAutoConfig' of type [com.bonelf.frame.base.config.RedisAutoConfig$$EnhancerBySpringCGLIB$$1] is not eligible for getting processed by all BeanPostProcessors (for example: not eligible for auto-proxying)
2021-08-08 16:26:55.699 [main] INFO  o.s.c.s.PostProcessorRegistrationDelegate$BeanPostProcessorChecker - Bean 'org.springframework.security.config.annotation.configuration.ObjectPostProcessorConfiguration' of type [org.springframework.security.config.annotation.configuration.ObjectPostProcessorConfiguration] is not eligible for getting processed by all BeanPostProcessors (for example: not eligible for auto-proxying)
2021-08-08 16:26:55.715 [main] INFO  o.s.c.s.PostProcessorRegistrationDelegate$BeanPostProcessorChecker - Bean 'objectPostProcessor' of type [org.springframework.security.config.annotation.configuration.AutowireBeanFactoryObjectPostProcessor] is not eligible for getting processed by all BeanPostProcessors (for example: not eligible for auto-proxying)
2021-08-08 16:26:55.736 [main] INFO  o.s.c.s.PostProcessorRegistrationDelegate$BeanPostProcessorChecker - Bean 'org.springframework.security.access.expression.method.DefaultMethodSecurityExpressionHandler@795f6681' of type [org.springframework.security.access.expression.method.DefaultMethodSecurityExpressionHandler] is not eligible for getting processed by all BeanPostProcessors (for example: not eligible for auto-proxying)
2021-08-08 16:26:55.739 [main] INFO  o.s.c.s.PostProcessorRegistrationDelegate$BeanPostProcessorChecker - Bean 'org.springframework.security.config.annotation.method.configuration.GlobalMethodSecurityConfiguration' of type [org.springframework.security.config.annotation.method.configuration.GlobalMethodSecurityConfiguration] is not eligible for getting processed by all BeanPostProcessors (for example: not eligible for auto-proxying)
2021-08-08 16:26:55.764 [main] INFO  o.s.c.s.PostProcessorRegistrationDelegate$BeanPostProcessorChecker - Bean 'methodSecurityMetadataSource' of type [org.springframework.security.access.method.DelegatingMethodSecurityMetadataSource] is not eligible for getting processed by all BeanPostProcessors (for example: not eligible for auto-proxying)
2021-08-08 16:26:55.830 [main] INFO  o.s.c.s.PostProcessorRegistrationDelegate$BeanPostProcessorChecker - Bean 'spring.datasource.dynamic-com.baomidou.dynamic.datasource.spring.boot.autoconfigure.DynamicDataSourceProperties' of type [com.baomidou.dynamic.datasource.spring.boot.autoconfigure.DynamicDataSourceProperties] is not eligible for getting processed by all BeanPostProcessors (for example: not eligible for auto-proxying)
2021-08-08 16:26:55.856 [main] INFO  o.s.c.s.PostProcessorRegistrationDelegate$BeanPostProcessorChecker - Bean 'com.baomidou.dynamic.datasource.spring.boot.autoconfigure.DynamicDataSourceAutoConfiguration' of type [com.baomidou.dynamic.datasource.spring.boot.autoconfigure.DynamicDataSourceAutoConfiguration$$EnhancerBySpringCGLIB$$1] is not eligible for getting processed by all BeanPostProcessors (for example: not eligible for auto-proxying)
2021-08-08 16:26:55.879 [main] INFO  o.s.c.s.PostProcessorRegistrationDelegate$BeanPostProcessorChecker - Bean 'dsProcessor' of type [com.baomidou.dynamic.datasource.processor.DsHeaderProcessor] is not eligible for getting processed by all BeanPostProcessors (for example: not eligible for auto-proxying)
2021-08-08 16:26:55.898 [main] INFO  o.s.c.s.PostProcessorRegistrationDelegate$BeanPostProcessorChecker - Bean 'dynamicDatasourceAnnotationAdvisor' of type [com.baomidou.dynamic.datasource.aop.DynamicDataSourceAnnotationAdvisor] is not eligible for getting processed by all BeanPostProcessors (for example: not eligible for auto-proxying)
2021-08-08 16:26:56.747 [main] INFO  o.s.boot.web.embedded.tomcat.TomcatWebServer - Tomcat initialized with port(s): 8499 (http)
2021-08-08 16:26:56.789 [main] INFO  org.apache.coyote.http11.Http11NioProtocol - Initializing ProtocolHandler ["http-nio-8499"]
2021-08-08 16:26:56.791 [main] INFO  org.apache.catalina.core.StandardService - Starting service [Tomcat]
2021-08-08 16:26:56.791 [main] INFO  org.apache.catalina.core.StandardEngine - Starting Servlet engine: [Apache Tomcat/9.0.31]
2021-08-08 16:26:56.978 [main] INFO  o.a.c.c.C.[Tomcat].[localhost].[/bonelf] - Initializing Spring embedded WebApplicationContext
2021-08-08 16:26:56.978 [main] INFO  org.springframework.web.context.ContextLoader - Root WebApplicationContext: initialization completed in 6610 ms
2021-08-08 16:26:57.385 [main] INFO  c.b.dynamic.datasource.DynamicDataSourceCreator - 动态数据源-检测到druid存在,如配置中未指定type,druid会默认配置
2021-08-08 16:26:57.570 [main] INFO  com.alibaba.druid.pool.DruidDataSource - {dataSource-1,master} inited
2021-08-08 16:26:57.570 [main] INFO  c.b.dynamic.datasource.DynamicRoutingDataSource - 初始共加载 1 个数据源
2021-08-08 16:26:57.572 [main] INFO  c.b.dynamic.datasource.DynamicRoutingDataSource - 动态数据源-加载 master 成功
2021-08-08 16:26:57.572 [main] INFO  c.b.dynamic.datasource.DynamicRoutingDataSource - 当前的默认数据源是单数据源，数据源名为 master
2021-08-08 16:27:00.222 [main] INFO  org.quartz.impl.StdSchedulerFactory - Using default implementation for ThreadExecutor
2021-08-08 16:27:00.252 [main] INFO  org.quartz.core.SchedulerSignalerImpl - Initialized Scheduler Signaller of type: class org.quartz.core.SchedulerSignalerImpl
2021-08-08 16:27:00.252 [main] INFO  org.quartz.core.QuartzScheduler - Quartz Scheduler v.2.3.2 created.
2021-08-08 16:27:00.255 [main] INFO  org.quartz.simpl.RAMJobStore - RAMJobStore initialized.
2021-08-08 16:27:00.257 [main] INFO  org.quartz.core.QuartzScheduler - Scheduler meta-data: Quartz Scheduler (v2.3.2) 'quartzScheduler' with instanceId 'NON_CLUSTERED'
  Scheduler class: 'org.quartz.core.QuartzScheduler' - running locally.
  NOT STARTED.
  Currently in standby mode.
  Number of jobs executed: 0
  Using thread pool 'org.quartz.simpl.SimpleThreadPool' - with 10 threads.
  Using job-store 'org.quartz.simpl.RAMJobStore' - which does not support persistence. and is not clustered.

2021-08-08 16:27:00.257 [main] INFO  org.quartz.impl.StdSchedulerFactory - Quartz scheduler 'quartzScheduler' initialized from an externally provided properties instance.
2021-08-08 16:27:00.257 [main] INFO  org.quartz.impl.StdSchedulerFactory - Quartz scheduler version: 2.3.2
2021-08-08 16:27:00.259 [main] INFO  org.quartz.core.QuartzScheduler - JobFactory set to: org.springframework.scheduling.quartz.SpringBeanJobFactory@6d7677d8
2021-08-08 16:27:00.794 [main] INFO  o.s.scheduling.concurrent.ThreadPoolTaskExecutor - Initializing ExecutorService 'clientInboundChannelExecutor'
2021-08-08 16:27:00.833 [main] INFO  o.s.scheduling.concurrent.ThreadPoolTaskExecutor - Initializing ExecutorService 'clientOutboundChannelExecutor'
2021-08-08 16:27:03.499 [main] INFO  o.s.scheduling.concurrent.ThreadPoolTaskExecutor - Initializing ExecutorService 'applicationTaskExecutor'
2021-08-08 16:27:04.944 [main] INFO  o.s.security.web.DefaultSecurityFilterChain - Creating filter chain: Ant [pattern='/**', OPTIONS], []
2021-08-08 16:27:04.946 [main] INFO  o.s.security.web.DefaultSecurityFilterChain - Creating filter chain: Ant [pattern='/swagger-ui/index.html'], []
2021-08-08 16:27:04.946 [main] INFO  o.s.security.web.DefaultSecurityFilterChain - Creating filter chain: Ant [pattern='/oauth/token_key'], []
2021-08-08 16:27:04.946 [main] INFO  o.s.security.web.DefaultSecurityFilterChain - Creating filter chain: Ant [pattern='/login/**'], []
2021-08-08 16:27:04.946 [main] INFO  o.s.security.web.DefaultSecurityFilterChain - Creating filter chain: Ant [pattern='/v2/api-docs'], []
2021-08-08 16:27:05.135 [main] INFO  o.s.security.web.DefaultSecurityFilterChain - Creating filter chain: OrRequestMatcher [requestMatchers=[Ant [pattern='/oauth/token'], Ant [pattern='/oauth/token_key'], Ant [pattern='/oauth/check_token']]], [org.springframework.security.web.context.request.async.WebAsyncManagerIntegrationFilter@3503e68e, org.springframework.security.web.context.SecurityContextPersistenceFilter@2b8106f, org.springframework.security.web.header.HeaderWriterFilter@27215154, org.springframework.security.web.authentication.logout.LogoutFilter@5de15ce1, org.springframework.security.oauth2.provider.client.ClientCredentialsTokenEndpointFilter@b7e53b1, org.springframework.security.web.authentication.www.BasicAuthenticationFilter@160b7ccd, org.springframework.security.web.savedrequest.RequestCacheAwareFilter@647bd553, org.springframework.security.web.servletapi.SecurityContextHolderAwareRequestFilter@2787abe4, org.springframework.security.web.authentication.AnonymousAuthenticationFilter@7c2d4398, org.springframework.security.web.session.SessionManagementFilter@25bd8eab, org.springframework.security.web.access.ExceptionTranslationFilter@56929ce, org.springframework.security.web.access.intercept.FilterSecurityInterceptor@5a5cd0af]
2021-08-08 16:27:05.176 [main] INFO  o.s.security.web.DefaultSecurityFilterChain - Creating filter chain: org.springframework.security.oauth2.config.annotation.web.configuration.ResourceServerConfiguration$NotOAuthRequestMatcher@168f447d, [org.springframework.security.web.context.request.async.WebAsyncManagerIntegrationFilter@4756c8f3, org.springframework.security.web.context.SecurityContextPersistenceFilter@5ccc07ae, org.springframework.security.web.header.HeaderWriterFilter@70c3483b, org.springframework.security.web.authentication.logout.LogoutFilter@27df4dcb, org.springframework.security.oauth2.provider.authentication.OAuth2AuthenticationProcessingFilter@58397dee, org.springframework.security.web.savedrequest.RequestCacheAwareFilter@ab5e63, org.springframework.security.web.servletapi.SecurityContextHolderAwareRequestFilter@6a434cdd, org.springframework.security.web.authentication.AnonymousAuthenticationFilter@3cc9bde9, org.springframework.security.web.session.SessionManagementFilter@276ac94c, org.springframework.security.web.access.ExceptionTranslationFilter@4832813d, org.springframework.security.web.access.intercept.FilterSecurityInterceptor@322f6283]
2021-08-08 16:27:05.201 [main] INFO  o.s.security.web.DefaultSecurityFilterChain - Creating filter chain: any request, [org.springframework.security.web.context.request.async.WebAsyncManagerIntegrationFilter@5f31385e, org.springframework.security.web.context.SecurityContextPersistenceFilter@ab7ac41, org.springframework.security.web.header.HeaderWriterFilter@1e08f0cd, org.springframework.security.web.authentication.logout.LogoutFilter@bd8f424, org.springframework.security.web.authentication.UsernamePasswordAuthenticationFilter@4a23be9, org.springframework.security.web.authentication.www.BasicAuthenticationFilter@5d96b0f, org.springframework.security.web.savedrequest.RequestCacheAwareFilter@5ad67d82, org.springframework.security.web.servletapi.SecurityContextHolderAwareRequestFilter@301608d, org.springframework.security.web.authentication.AnonymousAuthenticationFilter@4a592d22, org.springframework.security.web.session.SessionManagementFilter@b768e4d, org.springframework.security.web.access.ExceptionTranslationFilter@223e51e4, org.springframework.security.web.access.intercept.FilterSecurityInterceptor@2bfe398b]
2021-08-08 16:27:05.278 [main] INFO  o.s.scheduling.concurrent.ThreadPoolTaskScheduler - Initializing ExecutorService 'messageBrokerTaskScheduler'
2021-08-08 16:27:05.407 [main] INFO  o.s.scheduling.concurrent.ThreadPoolTaskExecutor - Initializing ExecutorService 'brokerChannelExecutor'
2021-08-08 16:27:07.698 [container-1] INFO  io.lettuce.core.EpollProvider - Starting without optional epoll library
2021-08-08 16:27:07.704 [container-1] INFO  io.lettuce.core.KqueueProvider - Starting without optional kqueue library
2021-08-08 16:27:12.481 [main] INFO  o.s.m.simp.broker.SimpleBrokerMessageHandler - Starting...
2021-08-08 16:27:12.482 [main] INFO  o.s.m.simp.broker.SimpleBrokerMessageHandler - BrokerAvailabilityEvent[available=true, SimpleBrokerMessageHandler [DefaultSubscriptionRegistry[cache[0 destination(s)], registry[0 sessions]]]]
2021-08-08 16:27:12.488 [main] INFO  o.s.m.simp.broker.SimpleBrokerMessageHandler - Started.
2021-08-08 16:27:12.490 [main] INFO  o.s.scheduling.quartz.SchedulerFactoryBean - Starting Quartz Scheduler now
2021-08-08 16:27:12.490 [main] INFO  org.quartz.core.QuartzScheduler - Scheduler quartzScheduler_$_NON_CLUSTERED started.
2021-08-08 16:27:12.518 [main] INFO  org.apache.coyote.http11.Http11NioProtocol - Starting ProtocolHandler ["http-nio-8499"]
2021-08-08 16:27:12.572 [main] INFO  o.s.boot.web.embedded.tomcat.TomcatWebServer - Tomcat started on port(s): 8499 (http) with context path '/bonelf'
2021-08-08 16:27:12.578 [main] INFO  com.bonelf.demo.DemoApplication - Started DemoApplication in 23.617 seconds (JVM running for 29.342)
2021-08-08 16:27:12.870 [main] INFO  com.bonelf.demo.DemoApplication - 
----------------------------------------------------------
	Application is running! Access URLs:
	Local: 		http://127.0.0.1:8499/bonelf
	External: 	http://192.168.31.104:8499/bonelf
	Websocket(stomp): 	http://192.168.31.104:8499/bonelf/wst
----------------------------------------------------------
2021-08-08 16:28:05.405 [MessageBroker-1] INFO  o.s.web.socket.config.WebSocketMessageBrokerStats - WebSocketSession[0 current WS(0)-HttpStream(0)-HttpPoll(0), 0 total, 0 closed abnormally (0 connect failure, 0 send limit, 0 transport error)], stompSubProtocol[processed CONNECT(0)-CONNECTED(0)-DISCONNECT(0)], stompBrokerRelay[null], inboundChannel[pool size = 0, active threads = 0, queued tasks = 0, completed tasks = 0], outboundChannel[pool size = 0, active threads = 0, queued tasks = 0, completed tasks = 0], sockJsScheduler[pool size = 1, active threads = 1, queued tasks = 0, completed tasks = 0]
2021-08-08 16:28:42.079 [SpringContextShutdownHook] INFO  o.s.m.simp.broker.SimpleBrokerMessageHandler - Stopping...
2021-08-08 16:28:42.079 [SpringContextShutdownHook] INFO  o.s.m.simp.broker.SimpleBrokerMessageHandler - BrokerAvailabilityEvent[available=false, SimpleBrokerMessageHandler [DefaultSubscriptionRegistry[cache[0 destination(s)], registry[0 sessions]]]]
2021-08-08 16:28:42.079 [SpringContextShutdownHook] INFO  o.s.m.simp.broker.SimpleBrokerMessageHandler - Stopped.
2021-08-08 16:28:42.081 [SpringContextShutdownHook] INFO  org.quartz.core.QuartzScheduler - Scheduler quartzScheduler_$_NON_CLUSTERED paused.
2021-08-08 16:28:42.083 [SpringContextShutdownHook] INFO  o.s.scheduling.concurrent.ThreadPoolTaskExecutor - Shutting down ExecutorService 'brokerChannelExecutor'
2021-08-08 16:28:42.083 [SpringContextShutdownHook] INFO  o.s.scheduling.concurrent.ThreadPoolTaskScheduler - Shutting down ExecutorService 'messageBrokerTaskScheduler'
2021-08-08 16:28:42.087 [SpringContextShutdownHook] INFO  o.s.scheduling.concurrent.ThreadPoolTaskExecutor - Shutting down ExecutorService 'applicationTaskExecutor'
2021-08-08 16:28:42.098 [SpringContextShutdownHook] INFO  o.s.scheduling.concurrent.ThreadPoolTaskExecutor - Shutting down ExecutorService 'clientOutboundChannelExecutor'
2021-08-08 16:28:42.100 [SpringContextShutdownHook] INFO  o.s.scheduling.concurrent.ThreadPoolTaskExecutor - Shutting down ExecutorService 'clientInboundChannelExecutor'
2021-08-08 16:28:42.100 [SpringContextShutdownHook] INFO  o.s.scheduling.quartz.SchedulerFactoryBean - Shutting down Quartz Scheduler
2021-08-08 16:28:42.100 [SpringContextShutdownHook] INFO  org.quartz.core.QuartzScheduler - Scheduler quartzScheduler_$_NON_CLUSTERED shutting down.
2021-08-08 16:28:42.100 [SpringContextShutdownHook] INFO  org.quartz.core.QuartzScheduler - Scheduler quartzScheduler_$_NON_CLUSTERED paused.
2021-08-08 16:28:42.102 [SpringContextShutdownHook] INFO  org.quartz.core.QuartzScheduler - Scheduler quartzScheduler_$_NON_CLUSTERED shutdown complete.
2021-08-08 16:28:42.335 [SpringContextShutdownHook] INFO  c.b.dynamic.datasource.DynamicRoutingDataSource - closing dynamicDatasource  ing....
2021-08-08 16:28:42.350 [SpringContextShutdownHook] INFO  com.alibaba.druid.pool.DruidDataSource - {dataSource-1} closing ...
2021-08-08 16:28:42.352 [SpringContextShutdownHook] INFO  com.alibaba.druid.pool.DruidDataSource - {dataSource-1} closed
2021-08-08 16:28:52.791 [main] INFO  com.bonelf.demo.DemoApplication - Starting DemoApplication on CCYDESKTOP with PID 2596 (F:\chenyuan\bonelf\bonelf-nocloud\target\classes started by Chenyuan in F:\chenyuan\bonelf\bonelf-nocloud)
2021-08-08 16:28:52.797 [main] INFO  com.bonelf.demo.DemoApplication - The following profiles are active: bonelf,third,dev
2021-08-08 16:28:56.214 [main] INFO  o.s.d.r.config.RepositoryConfigurationDelegate - Multiple Spring Data modules found, entering strict repository configuration mode!
2021-08-08 16:28:56.220 [main] INFO  o.s.d.r.config.RepositoryConfigurationDelegate - Bootstrapping Spring Data Redis repositories in DEFAULT mode.
2021-08-08 16:28:56.258 [main] INFO  o.s.d.r.config.RepositoryConfigurationDelegate - Finished Spring Data repository scanning in 12ms. Found 0 Redis repository interfaces.
2021-08-08 16:28:58.033 [main] INFO  o.s.c.s.PostProcessorRegistrationDelegate$BeanPostProcessorChecker - Bean 'com.bonelf.frame.base.config.RedisAutoConfig' of type [com.bonelf.frame.base.config.RedisAutoConfig$$EnhancerBySpringCGLIB$$1] is not eligible for getting processed by all BeanPostProcessors (for example: not eligible for auto-proxying)
2021-08-08 16:28:58.178 [main] INFO  o.s.c.s.PostProcessorRegistrationDelegate$BeanPostProcessorChecker - Bean 'org.springframework.security.config.annotation.configuration.ObjectPostProcessorConfiguration' of type [org.springframework.security.config.annotation.configuration.ObjectPostProcessorConfiguration] is not eligible for getting processed by all BeanPostProcessors (for example: not eligible for auto-proxying)
2021-08-08 16:28:58.199 [main] INFO  o.s.c.s.PostProcessorRegistrationDelegate$BeanPostProcessorChecker - Bean 'objectPostProcessor' of type [org.springframework.security.config.annotation.configuration.AutowireBeanFactoryObjectPostProcessor] is not eligible for getting processed by all BeanPostProcessors (for example: not eligible for auto-proxying)
2021-08-08 16:28:58.222 [main] INFO  o.s.c.s.PostProcessorRegistrationDelegate$BeanPostProcessorChecker - Bean 'org.springframework.security.access.expression.method.DefaultMethodSecurityExpressionHandler@26d0ece6' of type [org.springframework.security.access.expression.method.DefaultMethodSecurityExpressionHandler] is not eligible for getting processed by all BeanPostProcessors (for example: not eligible for auto-proxying)
2021-08-08 16:28:58.231 [main] INFO  o.s.c.s.PostProcessorRegistrationDelegate$BeanPostProcessorChecker - Bean 'org.springframework.security.config.annotation.method.configuration.GlobalMethodSecurityConfiguration' of type [org.springframework.security.config.annotation.method.configuration.GlobalMethodSecurityConfiguration] is not eligible for getting processed by all BeanPostProcessors (for example: not eligible for auto-proxying)
2021-08-08 16:28:58.250 [main] INFO  o.s.c.s.PostProcessorRegistrationDelegate$BeanPostProcessorChecker - Bean 'methodSecurityMetadataSource' of type [org.springframework.security.access.method.DelegatingMethodSecurityMetadataSource] is not eligible for getting processed by all BeanPostProcessors (for example: not eligible for auto-proxying)
2021-08-08 16:28:58.319 [main] INFO  o.s.c.s.PostProcessorRegistrationDelegate$BeanPostProcessorChecker - Bean 'spring.datasource.dynamic-com.baomidou.dynamic.datasource.spring.boot.autoconfigure.DynamicDataSourceProperties' of type [com.baomidou.dynamic.datasource.spring.boot.autoconfigure.DynamicDataSourceProperties] is not eligible for getting processed by all BeanPostProcessors (for example: not eligible for auto-proxying)
2021-08-08 16:28:58.331 [main] INFO  o.s.c.s.PostProcessorRegistrationDelegate$BeanPostProcessorChecker - Bean 'com.baomidou.dynamic.datasource.spring.boot.autoconfigure.DynamicDataSourceAutoConfiguration' of type [com.baomidou.dynamic.datasource.spring.boot.autoconfigure.DynamicDataSourceAutoConfiguration$$EnhancerBySpringCGLIB$$1] is not eligible for getting processed by all BeanPostProcessors (for example: not eligible for auto-proxying)
2021-08-08 16:28:58.350 [main] INFO  o.s.c.s.PostProcessorRegistrationDelegate$BeanPostProcessorChecker - Bean 'dsProcessor' of type [com.baomidou.dynamic.datasource.processor.DsHeaderProcessor] is not eligible for getting processed by all BeanPostProcessors (for example: not eligible for auto-proxying)
2021-08-08 16:28:58.367 [main] INFO  o.s.c.s.PostProcessorRegistrationDelegate$BeanPostProcessorChecker - Bean 'dynamicDatasourceAnnotationAdvisor' of type [com.baomidou.dynamic.datasource.aop.DynamicDataSourceAnnotationAdvisor] is not eligible for getting processed by all BeanPostProcessors (for example: not eligible for auto-proxying)
2021-08-08 16:28:59.242 [main] INFO  o.s.boot.web.embedded.tomcat.TomcatWebServer - Tomcat initialized with port(s): 8499 (http)
2021-08-08 16:28:59.272 [main] INFO  org.apache.coyote.http11.Http11NioProtocol - Initializing ProtocolHandler ["http-nio-8499"]
2021-08-08 16:28:59.273 [main] INFO  org.apache.catalina.core.StandardService - Starting service [Tomcat]
2021-08-08 16:28:59.273 [main] INFO  org.apache.catalina.core.StandardEngine - Starting Servlet engine: [Apache Tomcat/9.0.31]
2021-08-08 16:28:59.462 [main] INFO  o.a.c.c.C.[Tomcat].[localhost].[/bonelf] - Initializing Spring embedded WebApplicationContext
2021-08-08 16:28:59.462 [main] INFO  org.springframework.web.context.ContextLoader - Root WebApplicationContext: initialization completed in 6548 ms
2021-08-08 16:28:59.868 [main] INFO  c.b.dynamic.datasource.DynamicDataSourceCreator - 动态数据源-检测到druid存在,如配置中未指定type,druid会默认配置
2021-08-08 16:29:00.035 [main] INFO  com.alibaba.druid.pool.DruidDataSource - {dataSource-1,master} inited
2021-08-08 16:29:00.037 [main] INFO  c.b.dynamic.datasource.DynamicRoutingDataSource - 初始共加载 1 个数据源
2021-08-08 16:29:00.037 [main] INFO  c.b.dynamic.datasource.DynamicRoutingDataSource - 动态数据源-加载 master 成功
2021-08-08 16:29:00.037 [main] INFO  c.b.dynamic.datasource.DynamicRoutingDataSource - 当前的默认数据源是单数据源，数据源名为 master
2021-08-08 16:29:02.737 [main] INFO  org.quartz.impl.StdSchedulerFactory - Using default implementation for ThreadExecutor
2021-08-08 16:29:02.767 [main] INFO  org.quartz.core.SchedulerSignalerImpl - Initialized Scheduler Signaller of type: class org.quartz.core.SchedulerSignalerImpl
2021-08-08 16:29:02.767 [main] INFO  org.quartz.core.QuartzScheduler - Quartz Scheduler v.2.3.2 created.
2021-08-08 16:29:02.768 [main] INFO  org.quartz.simpl.RAMJobStore - RAMJobStore initialized.
2021-08-08 16:29:02.770 [main] INFO  org.quartz.core.QuartzScheduler - Scheduler meta-data: Quartz Scheduler (v2.3.2) 'quartzScheduler' with instanceId 'NON_CLUSTERED'
  Scheduler class: 'org.quartz.core.QuartzScheduler' - running locally.
  NOT STARTED.
  Currently in standby mode.
  Number of jobs executed: 0
  Using thread pool 'org.quartz.simpl.SimpleThreadPool' - with 10 threads.
  Using job-store 'org.quartz.simpl.RAMJobStore' - which does not support persistence. and is not clustered.

2021-08-08 16:29:02.770 [main] INFO  org.quartz.impl.StdSchedulerFactory - Quartz scheduler 'quartzScheduler' initialized from an externally provided properties instance.
2021-08-08 16:29:02.771 [main] INFO  org.quartz.impl.StdSchedulerFactory - Quartz scheduler version: 2.3.2
2021-08-08 16:29:02.771 [main] INFO  org.quartz.core.QuartzScheduler - JobFactory set to: org.springframework.scheduling.quartz.SpringBeanJobFactory@50ecef36
2021-08-08 16:29:03.308 [main] INFO  o.s.scheduling.concurrent.ThreadPoolTaskExecutor - Initializing ExecutorService 'clientInboundChannelExecutor'
2021-08-08 16:29:03.343 [main] INFO  o.s.scheduling.concurrent.ThreadPoolTaskExecutor - Initializing ExecutorService 'clientOutboundChannelExecutor'
2021-08-08 16:29:06.048 [main] INFO  o.s.scheduling.concurrent.ThreadPoolTaskExecutor - Initializing ExecutorService 'applicationTaskExecutor'
2021-08-08 16:29:07.491 [main] INFO  o.s.security.web.DefaultSecurityFilterChain - Creating filter chain: Ant [pattern='/**', OPTIONS], []
2021-08-08 16:29:07.492 [main] INFO  o.s.security.web.DefaultSecurityFilterChain - Creating filter chain: Ant [pattern='/swagger-ui/index.html'], []
2021-08-08 16:29:07.492 [main] INFO  o.s.security.web.DefaultSecurityFilterChain - Creating filter chain: Ant [pattern='/oauth/token_key'], []
2021-08-08 16:29:07.492 [main] INFO  o.s.security.web.DefaultSecurityFilterChain - Creating filter chain: Ant [pattern='/login/**'], []
2021-08-08 16:29:07.492 [main] INFO  o.s.security.web.DefaultSecurityFilterChain - Creating filter chain: Ant [pattern='/v2/api-docs'], []
2021-08-08 16:29:07.663 [main] INFO  o.s.security.web.DefaultSecurityFilterChain - Creating filter chain: OrRequestMatcher [requestMatchers=[Ant [pattern='/oauth/token'], Ant [pattern='/oauth/token_key'], Ant [pattern='/oauth/check_token']]], [org.springframework.security.web.context.request.async.WebAsyncManagerIntegrationFilter@3bfbe2a6, org.springframework.security.web.context.SecurityContextPersistenceFilter@99ace98, org.springframework.security.web.header.HeaderWriterFilter@1a99d328, org.springframework.security.web.authentication.logout.LogoutFilter@4973fb7d, org.springframework.security.oauth2.provider.client.ClientCredentialsTokenEndpointFilter@4f63219e, org.springframework.security.web.authentication.www.BasicAuthenticationFilter@5112858c, org.springframework.security.web.savedrequest.RequestCacheAwareFilter@21dd405a, org.springframework.security.web.servletapi.SecurityContextHolderAwareRequestFilter@11759e4a, org.springframework.security.web.authentication.AnonymousAuthenticationFilter@275ff5f8, org.springframework.security.web.session.SessionManagementFilter@31af3f22, org.springframework.security.web.access.ExceptionTranslationFilter@17eb5661, org.springframework.security.web.access.intercept.FilterSecurityInterceptor@266b7d1]
2021-08-08 16:29:07.697 [main] INFO  o.s.security.web.DefaultSecurityFilterChain - Creating filter chain: org.springframework.security.oauth2.config.annotation.web.configuration.ResourceServerConfiguration$NotOAuthRequestMatcher@5fc44b4b, [org.springframework.security.web.context.request.async.WebAsyncManagerIntegrationFilter@1c8e4810, org.springframework.security.web.context.SecurityContextPersistenceFilter@70d61624, org.springframework.security.web.header.HeaderWriterFilter@6b6b4177, org.springframework.security.web.authentication.logout.LogoutFilter@18be7f57, org.springframework.security.oauth2.provider.authentication.OAuth2AuthenticationProcessingFilter@4467088e, org.springframework.security.web.savedrequest.RequestCacheAwareFilter@7b50e70a, org.springframework.security.web.servletapi.SecurityContextHolderAwareRequestFilter@4a0161ee, org.springframework.security.web.authentication.AnonymousAuthenticationFilter@7e3062f0, org.springframework.security.web.session.SessionManagementFilter@bf32f3f, org.springframework.security.web.access.ExceptionTranslationFilter@551bc2c6, org.springframework.security.web.access.intercept.FilterSecurityInterceptor@465eb466]
2021-08-08 16:29:07.722 [main] INFO  o.s.security.web.DefaultSecurityFilterChain - Creating filter chain: any request, [org.springframework.security.web.context.request.async.WebAsyncManagerIntegrationFilter@6f0ab520, org.springframework.security.web.context.SecurityContextPersistenceFilter@1988e095, org.springframework.security.web.header.HeaderWriterFilter@70882cb7, org.springframework.security.web.authentication.logout.LogoutFilter@7f1581bb, org.springframework.security.web.authentication.UsernamePasswordAuthenticationFilter@24fcfdb, org.springframework.security.web.authentication.www.BasicAuthenticationFilter@4ab1ff80, org.springframework.security.web.savedrequest.RequestCacheAwareFilter@7ec63b9a, org.springframework.security.web.servletapi.SecurityContextHolderAwareRequestFilter@4f1a4d61, org.springframework.security.web.authentication.AnonymousAuthenticationFilter@13c79e0d, org.springframework.security.web.session.SessionManagementFilter@6980e66a, org.springframework.security.web.access.ExceptionTranslationFilter@5b6789cf, org.springframework.security.web.access.intercept.FilterSecurityInterceptor@19b7852b]
2021-08-08 16:29:07.801 [main] INFO  o.s.scheduling.concurrent.ThreadPoolTaskScheduler - Initializing ExecutorService 'messageBrokerTaskScheduler'
2021-08-08 16:29:07.933 [main] INFO  o.s.scheduling.concurrent.ThreadPoolTaskExecutor - Initializing ExecutorService 'brokerChannelExecutor'
2021-08-08 16:29:10.172 [container-1] INFO  io.lettuce.core.EpollProvider - Starting without optional epoll library
2021-08-08 16:29:10.177 [container-1] INFO  io.lettuce.core.KqueueProvider - Starting without optional kqueue library
2021-08-08 16:29:11.218 [main] INFO  o.s.m.simp.broker.SimpleBrokerMessageHandler - Starting...
2021-08-08 16:29:11.220 [main] INFO  o.s.m.simp.broker.SimpleBrokerMessageHandler - BrokerAvailabilityEvent[available=true, SimpleBrokerMessageHandler [DefaultSubscriptionRegistry[cache[0 destination(s)], registry[0 sessions]]]]
2021-08-08 16:29:11.223 [main] INFO  o.s.m.simp.broker.SimpleBrokerMessageHandler - Started.
2021-08-08 16:29:11.223 [main] INFO  o.s.scheduling.quartz.SchedulerFactoryBean - Starting Quartz Scheduler now
2021-08-08 16:29:11.223 [main] INFO  org.quartz.core.QuartzScheduler - Scheduler quartzScheduler_$_NON_CLUSTERED started.
2021-08-08 16:29:11.239 [main] INFO  org.apache.coyote.http11.Http11NioProtocol - Starting ProtocolHandler ["http-nio-8499"]
2021-08-08 16:29:11.297 [main] INFO  o.s.boot.web.embedded.tomcat.TomcatWebServer - Tomcat started on port(s): 8499 (http) with context path '/bonelf'
2021-08-08 16:29:11.304 [main] INFO  com.bonelf.demo.DemoApplication - Started DemoApplication in 19.703 seconds (JVM running for 25.624)
2021-08-08 16:29:11.621 [main] INFO  com.bonelf.demo.DemoApplication - 
----------------------------------------------------------
	Application is running! Access URLs:
	Local: 		http://127.0.0.1:8499/bonelf
	External: 	http://192.168.31.104:8499/bonelf
	Websocket(stomp): 	http://192.168.31.104:8499/bonelf/wst
----------------------------------------------------------
2021-08-08 16:29:45.713 [http-nio-8499-exec-1] INFO  o.a.c.c.C.[Tomcat].[localhost].[/bonelf] - Initializing Spring DispatcherServlet 'dispatcherServlet'
2021-08-08 16:29:45.713 [http-nio-8499-exec-1] INFO  org.springframework.web.servlet.DispatcherServlet - Initializing Servlet 'dispatcherServlet'
2021-08-08 16:29:45.743 [http-nio-8499-exec-1] INFO  org.springframework.web.servlet.DispatcherServlet - Completed initialization in 29 ms
2021-08-08 16:29:48.073 [http-nio-8499-exec-2] INFO  c.b.a.core.oauth2.service.CustomUserDetailsService - load user by username :User(userId=1328231759195709441, phone=13758233011, mail=ccykirito@163.com, username=13758233011, openId=oSxri4irwmzqj4VnxfwOtiMjZxaw, nickname=用户126ed3bf6a40a001, password=$2a$10$4uN8mbylLWjj9S4J6cDAvOw42l9r0GbCIDesF7FQ6wHv/rzVqaXIC, verifyCode=null, enabled=true, accountNonExpired=true, credentialsNonExpired=true, accountNonLocked=true, roles=[Role(code=ROLE_role, name=testRole, description=this is an example role), Role(code=test:authority, name=testAuthority, description=this is an example authority)])
2021-08-08 16:30:07.932 [MessageBroker-1] INFO  o.s.web.socket.config.WebSocketMessageBrokerStats - WebSocketSession[0 current WS(0)-HttpStream(0)-HttpPoll(0), 0 total, 0 closed abnormally (0 connect failure, 0 send limit, 0 transport error)], stompSubProtocol[processed CONNECT(0)-CONNECTED(0)-DISCONNECT(0)], stompBrokerRelay[null], inboundChannel[pool size = 0, active threads = 0, queued tasks = 0, completed tasks = 0], outboundChannel[pool size = 0, active threads = 0, queued tasks = 0, completed tasks = 0], sockJsScheduler[pool size = 1, active threads = 1, queued tasks = 0, completed tasks = 0]
2021-08-08 17:00:05.792 [SpringContextShutdownHook] INFO  o.s.m.simp.broker.SimpleBrokerMessageHandler - Stopping...
2021-08-08 17:00:05.793 [SpringContextShutdownHook] INFO  o.s.m.simp.broker.SimpleBrokerMessageHandler - BrokerAvailabilityEvent[available=false, SimpleBrokerMessageHandler [DefaultSubscriptionRegistry[cache[0 destination(s)], registry[0 sessions]]]]
2021-08-08 17:00:05.793 [SpringContextShutdownHook] INFO  o.s.m.simp.broker.SimpleBrokerMessageHandler - Stopped.
2021-08-08 17:00:05.795 [SpringContextShutdownHook] INFO  org.quartz.core.QuartzScheduler - Scheduler quartzScheduler_$_NON_CLUSTERED paused.
2021-08-08 17:00:05.797 [SpringContextShutdownHook] INFO  o.s.scheduling.concurrent.ThreadPoolTaskExecutor - Shutting down ExecutorService 'brokerChannelExecutor'
2021-08-08 17:00:05.798 [SpringContextShutdownHook] INFO  o.s.scheduling.concurrent.ThreadPoolTaskScheduler - Shutting down ExecutorService 'messageBrokerTaskScheduler'
2021-08-08 17:00:05.801 [SpringContextShutdownHook] INFO  o.s.scheduling.concurrent.ThreadPoolTaskExecutor - Shutting down ExecutorService 'applicationTaskExecutor'
2021-08-08 17:00:05.817 [SpringContextShutdownHook] INFO  o.s.scheduling.concurrent.ThreadPoolTaskExecutor - Shutting down ExecutorService 'clientOutboundChannelExecutor'
2021-08-08 17:00:05.817 [SpringContextShutdownHook] INFO  o.s.scheduling.concurrent.ThreadPoolTaskExecutor - Shutting down ExecutorService 'clientInboundChannelExecutor'
2021-08-08 17:00:05.818 [SpringContextShutdownHook] INFO  o.s.scheduling.quartz.SchedulerFactoryBean - Shutting down Quartz Scheduler
2021-08-08 17:00:05.818 [SpringContextShutdownHook] INFO  org.quartz.core.QuartzScheduler - Scheduler quartzScheduler_$_NON_CLUSTERED shutting down.
2021-08-08 17:00:05.818 [SpringContextShutdownHook] INFO  org.quartz.core.QuartzScheduler - Scheduler quartzScheduler_$_NON_CLUSTERED paused.
2021-08-08 17:00:05.820 [SpringContextShutdownHook] INFO  org.quartz.core.QuartzScheduler - Scheduler quartzScheduler_$_NON_CLUSTERED shutdown complete.
2021-08-08 17:00:06.055 [SpringContextShutdownHook] INFO  c.b.dynamic.datasource.DynamicRoutingDataSource - closing dynamicDatasource  ing....
2021-08-08 17:00:06.063 [SpringContextShutdownHook] INFO  com.alibaba.druid.pool.DruidDataSource - {dataSource-1} closing ...
2021-08-08 17:00:06.064 [SpringContextShutdownHook] INFO  com.alibaba.druid.pool.DruidDataSource - {dataSource-1} closed
