2021-08-07 15:46:50.080 [main] DEBUG com.bonelf.demo.DemoApplication - Running with Spring Boot v2.2.5.RELEASE, Spring v5.2.4.RELEASE
2021-08-07 15:46:58.259 [main] DEBUG org.mybatis.spring.mapper.ClassPathMapperScanner - Creating MapperFactoryBean with name 'dbUserMapper' and 'com.bonelf.auth.web.mapper.DbUserMapper' mapperInterface
2021-08-07 15:46:58.261 [main] DEBUG org.mybatis.spring.mapper.ClassPathMapperScanner - Enabling autowire by type for MapperFactoryBean with name 'dbUserMapper'.
2021-08-07 15:46:58.261 [main] DEBUG org.mybatis.spring.mapper.ClassPathMapperScanner - Creating MapperFactoryBean with name 'sqlMapper' and 'com.bonelf.frame.web.mapper.SqlMapper' mapperInterface
2021-08-07 15:46:58.347 [main] DEBUG org.mybatis.spring.mapper.ClassPathMapperScanner - Enabling autowire by type for MapperFactoryBean with name 'sqlMapper'.
2021-08-07 15:46:58.348 [main] DEBUG org.mybatis.spring.mapper.ClassPathMapperScanner - Creating MapperFactoryBean with name 'sysDictItemMapper' and 'com.bonelf.frame.web.mapper.SysDictItemMapper' mapperInterface
2021-08-07 15:46:58.348 [main] DEBUG org.mybatis.spring.mapper.ClassPathMapperScanner - Enabling autowire by type for MapperFactoryBean with name 'sysDictItemMapper'.
2021-08-07 15:46:58.349 [main] DEBUG org.mybatis.spring.mapper.ClassPathMapperScanner - Creating MapperFactoryBean with name 'sysDictMapper' and 'com.bonelf.frame.web.mapper.SysDictMapper' mapperInterface
2021-08-07 15:46:58.349 [main] DEBUG org.mybatis.spring.mapper.ClassPathMapperScanner - Enabling autowire by type for MapperFactoryBean with name 'sysDictMapper'.
2021-08-07 15:46:58.350 [main] DEBUG org.mybatis.spring.mapper.ClassPathMapperScanner - Creating MapperFactoryBean with name 'quartzJobMapper' and 'com.bonelf.support.web.mapper.QuartzJobMapper' mapperInterface
2021-08-07 15:46:58.350 [main] DEBUG org.mybatis.spring.mapper.ClassPathMapperScanner - Enabling autowire by type for MapperFactoryBean with name 'quartzJobMapper'.
2021-08-07 15:47:10.209 [main] DEBUG com.bonelf.auth.config.WebServerSecurityConfig - HttpSecurity configure method
2021-08-07 15:50:22.174 [main] DEBUG com.bonelf.demo.DemoApplication - Running with Spring Boot v2.2.5.RELEASE, Spring v5.2.4.RELEASE
2021-08-07 15:50:26.609 [main] DEBUG org.mybatis.spring.mapper.ClassPathMapperScanner - Creating MapperFactoryBean with name 'dbUserMapper' and 'com.bonelf.auth.web.mapper.DbUserMapper' mapperInterface
2021-08-07 15:50:26.610 [main] DEBUG org.mybatis.spring.mapper.ClassPathMapperScanner - Enabling autowire by type for MapperFactoryBean with name 'dbUserMapper'.
2021-08-07 15:50:26.611 [main] DEBUG org.mybatis.spring.mapper.ClassPathMapperScanner - Creating MapperFactoryBean with name 'sqlMapper' and 'com.bonelf.frame.web.mapper.SqlMapper' mapperInterface
2021-08-07 15:50:26.611 [main] DEBUG org.mybatis.spring.mapper.ClassPathMapperScanner - Enabling autowire by type for MapperFactoryBean with name 'sqlMapper'.
2021-08-07 15:50:26.611 [main] DEBUG org.mybatis.spring.mapper.ClassPathMapperScanner - Creating MapperFactoryBean with name 'sysDictItemMapper' and 'com.bonelf.frame.web.mapper.SysDictItemMapper' mapperInterface
2021-08-07 15:50:26.612 [main] DEBUG org.mybatis.spring.mapper.ClassPathMapperScanner - Enabling autowire by type for MapperFactoryBean with name 'sysDictItemMapper'.
2021-08-07 15:50:26.612 [main] DEBUG org.mybatis.spring.mapper.ClassPathMapperScanner - Creating MapperFactoryBean with name 'sysDictMapper' and 'com.bonelf.frame.web.mapper.SysDictMapper' mapperInterface
2021-08-07 15:50:26.613 [main] DEBUG org.mybatis.spring.mapper.ClassPathMapperScanner - Enabling autowire by type for MapperFactoryBean with name 'sysDictMapper'.
2021-08-07 15:50:26.613 [main] DEBUG org.mybatis.spring.mapper.ClassPathMapperScanner - Creating MapperFactoryBean with name 'quartzJobMapper' and 'com.bonelf.support.web.mapper.QuartzJobMapper' mapperInterface
2021-08-07 15:50:26.614 [main] DEBUG org.mybatis.spring.mapper.ClassPathMapperScanner - Enabling autowire by type for MapperFactoryBean with name 'quartzJobMapper'.
2021-08-07 15:50:38.410 [main] DEBUG com.bonelf.auth.config.WebServerSecurityConfig - HttpSecurity configure method
2021-08-07 15:52:12.705 [http-nio-8499-exec-2] DEBUG org.mybatis.spring.SqlSessionUtils - Creating a new SqlSession
2021-08-07 15:52:12.724 [http-nio-8499-exec-2] DEBUG org.mybatis.spring.SqlSessionUtils - SqlSession [org.apache.ibatis.session.defaults.DefaultSqlSession@6c0e2a5f] was not registered for synchronization because synchronization is not active
2021-08-07 15:52:12.884 [http-nio-8499-exec-2] DEBUG o.m.spring.transaction.SpringManagedTransaction - JDBC Connection [com.alibaba.druid.proxy.jdbc.ConnectionProxyImpl@7c1bcc12] will not be managed by Spring
2021-08-07 15:52:12.899 [http-nio-8499-exec-2] DEBUG com.bonelf.auth.web.mapper.DbUserMapper.selectOne - ==>  Preparing: SELECT user_id,phone,username,mail,union_id,open_id,user_password AS password,nickname,avatar,gender,country,province,city,user_language AS language,last_login_time,user_status AS status,create_time,update_time FROM bnf_user WHERE (username = ? OR phone = ? OR mail = ?) ORDER BY update_time DESC limit 1
2021-08-07 15:52:12.940 [http-nio-8499-exec-2] DEBUG com.bonelf.auth.web.mapper.DbUserMapper.selectOne - ==> Parameters: 13758233011(String), 13758233011(String), 13758233011(String)
2021-08-07 15:52:12.953 [http-nio-8499-exec-2] DEBUG org.mybatis.spring.SqlSessionUtils - Closing non transactional SqlSession [org.apache.ibatis.session.defaults.DefaultSqlSession@6c0e2a5f]
2021-08-07 15:52:40.981 [http-nio-8499-exec-4] DEBUG org.mybatis.spring.SqlSessionUtils - Creating a new SqlSession
2021-08-07 15:52:40.982 [http-nio-8499-exec-4] DEBUG org.mybatis.spring.SqlSessionUtils - SqlSession [org.apache.ibatis.session.defaults.DefaultSqlSession@753eb795] was not registered for synchronization because synchronization is not active
2021-08-07 15:52:40.985 [http-nio-8499-exec-4] DEBUG o.m.spring.transaction.SpringManagedTransaction - JDBC Connection [com.alibaba.druid.proxy.jdbc.ConnectionProxyImpl@7c1bcc12] will not be managed by Spring
2021-08-07 15:52:40.986 [http-nio-8499-exec-4] DEBUG com.bonelf.auth.web.mapper.DbUserMapper.selectOne - ==>  Preparing: SELECT user_id,phone,username,mail,union_id,open_id,user_password AS password,nickname,avatar,gender,country,province,city,user_language AS language,last_login_time,user_status AS status,create_time,update_time FROM bnf_user WHERE (username = ? OR phone = ? OR mail = ?) ORDER BY update_time DESC limit 1
2021-08-07 15:52:40.988 [http-nio-8499-exec-4] DEBUG com.bonelf.auth.web.mapper.DbUserMapper.selectOne - ==> Parameters: 13758233011(String), 13758233011(String), 13758233011(String)
2021-08-07 15:52:40.990 [http-nio-8499-exec-4] DEBUG org.mybatis.spring.SqlSessionUtils - Closing non transactional SqlSession [org.apache.ibatis.session.defaults.DefaultSqlSession@753eb795]
2021-08-07 15:52:54.565 [http-nio-8499-exec-6] DEBUG org.mybatis.spring.SqlSessionUtils - Creating a new SqlSession
2021-08-07 15:52:54.566 [http-nio-8499-exec-6] DEBUG org.mybatis.spring.SqlSessionUtils - SqlSession [org.apache.ibatis.session.defaults.DefaultSqlSession@1bf230fa] was not registered for synchronization because synchronization is not active
2021-08-07 15:52:54.569 [http-nio-8499-exec-6] DEBUG o.m.spring.transaction.SpringManagedTransaction - JDBC Connection [com.alibaba.druid.proxy.jdbc.ConnectionProxyImpl@7c1bcc12] will not be managed by Spring
2021-08-07 15:52:54.570 [http-nio-8499-exec-6] DEBUG com.bonelf.auth.web.mapper.DbUserMapper.selectOne - ==>  Preparing: SELECT user_id,phone,username,mail,union_id,open_id,user_password AS password,nickname,avatar,gender,country,province,city,user_language AS language,last_login_time,user_status AS status,create_time,update_time FROM bnf_user WHERE (username = ? OR phone = ? OR mail = ?) ORDER BY update_time DESC limit 1
2021-08-07 15:52:54.572 [http-nio-8499-exec-6] DEBUG com.bonelf.auth.web.mapper.DbUserMapper.selectOne - ==> Parameters: 13758233011(String), 13758233011(String), 13758233011(String)
2021-08-07 15:52:54.638 [http-nio-8499-exec-6] DEBUG com.bonelf.auth.web.mapper.DbUserMapper.selectOne - <==      Total: 1
2021-08-07 15:52:54.639 [http-nio-8499-exec-6] DEBUG org.mybatis.spring.SqlSessionUtils - Closing non transactional SqlSession [org.apache.ibatis.session.defaults.DefaultSqlSession@1bf230fa]
2021-08-07 15:52:55.106 [http-nio-8499-exec-6] DEBUG com.bonelf.auth.core.aop.AuthTokenAspect - ==即将把下面信息放入redis,用于单客户端登录==
userId = 1328231759195709441
token = eyJhbGciOiJSUzI1NiIsInR5cCI6IkpXVCJ9.eyJleHAiOjE2MjgzMjk5NzQsInVzZXJfaWQiOjEzMjgyMzE3NTkxOTU3MDk0NDEsImp0aSI6IjAzYjQ1ZDNkLWU3NTAtNDA4My1iZTcwLWMzZTRmN2VhMjc3ZiIsImNsaWVudF9pZCI6ImFwcF9jbGllbnQiLCJzY29wZSI6WyJhcHAiXSwidXNlcm5hbWUiOiIxMzc1ODIzMzAxMSJ9.T4HArOA1kgb4SqpGzg-_LWo9NUzm8PcUM0nQLuA1Ebci36NG21W0U6krGSzsz7JLXGd5RH4JBNvP4u57_O_ECGEnTT6r2XOSsoYZpbZg7t8IE1zYHkIs5QE-8ZMQfNrmw4jbaayTGM2YcXTFzt7VdS0b3M7F72bS4PIHwnu8gdziRmx_17ZCFM098-8QVhlRK5V31hv_V0Og1hEWeBaEzPSUn09En2P_Z3yyjRaHgg_buqwCeqzvlsrk1Tk0SjivQ33-tUeQ_VwfLksPE-ztxA2HrN9t7TCDycAFPPolpviQoigWBBMdc5MKkeu3NcStpjNPkAT_CgQiiTOen9V2pQ
expiresIn = 7199
2021-08-07 15:53:06.982 [http-nio-8499-exec-8] DEBUG org.mybatis.spring.SqlSessionUtils - Creating a new SqlSession
2021-08-07 15:53:06.983 [http-nio-8499-exec-8] DEBUG org.mybatis.spring.SqlSessionUtils - SqlSession [org.apache.ibatis.session.defaults.DefaultSqlSession@64036840] was not registered for synchronization because synchronization is not active
2021-08-07 15:53:06.987 [http-nio-8499-exec-8] DEBUG o.m.spring.transaction.SpringManagedTransaction - JDBC Connection [com.alibaba.druid.proxy.jdbc.ConnectionProxyImpl@7c1bcc12] will not be managed by Spring
2021-08-07 15:53:06.987 [http-nio-8499-exec-8] DEBUG com.bonelf.auth.web.mapper.DbUserMapper.selectOne - ==>  Preparing: SELECT user_id,phone,username,mail,union_id,open_id,user_password AS password,nickname,avatar,gender,country,province,city,user_language AS language,last_login_time,user_status AS status,create_time,update_time FROM bnf_user WHERE (user_id = ?) ORDER BY update_time DESC limit 1
2021-08-07 15:53:06.990 [http-nio-8499-exec-8] DEBUG com.bonelf.auth.web.mapper.DbUserMapper.selectOne - ==> Parameters: 1328231759195709441(String)
2021-08-07 15:53:06.995 [http-nio-8499-exec-8] DEBUG com.bonelf.auth.web.mapper.DbUserMapper.selectOne - <==      Total: 1
2021-08-07 15:53:06.996 [http-nio-8499-exec-8] DEBUG org.mybatis.spring.SqlSessionUtils - Closing non transactional SqlSession [org.apache.ibatis.session.defaults.DefaultSqlSession@64036840]
2021-08-07 15:53:07.059 [http-nio-8499-exec-8] DEBUG org.mybatis.spring.SqlSessionUtils - Creating a new SqlSession
2021-08-07 15:53:07.060 [http-nio-8499-exec-8] DEBUG org.mybatis.spring.SqlSessionUtils - SqlSession [org.apache.ibatis.session.defaults.DefaultSqlSession@25151caf] was not registered for synchronization because synchronization is not active
2021-08-07 15:53:07.063 [http-nio-8499-exec-8] DEBUG o.m.spring.transaction.SpringManagedTransaction - JDBC Connection [com.alibaba.druid.proxy.jdbc.ConnectionProxyImpl@7c1bcc12] will not be managed by Spring
2021-08-07 15:53:07.064 [http-nio-8499-exec-8] DEBUG c.b.support.web.mapper.QuartzJobMapper.selectPage - ==>  Preparing: SELECT qrtz_id,job_class_name,cron_expression,parameter,description,status,create_time,update_time,del_flag FROM sys_quartz_job
2021-08-07 15:53:07.065 [http-nio-8499-exec-8] DEBUG c.b.support.web.mapper.QuartzJobMapper.selectPage - ==> Parameters: 
2021-08-07 15:53:07.070 [http-nio-8499-exec-8] DEBUG c.b.support.web.mapper.QuartzJobMapper.selectPage - <==      Total: 2
2021-08-07 15:53:07.072 [http-nio-8499-exec-8] DEBUG org.mybatis.spring.SqlSessionUtils - Closing non transactional SqlSession [org.apache.ibatis.session.defaults.DefaultSqlSession@25151caf]
