2021-08-07 15:46:50.064 [main] INFO  com.bonelf.demo.DemoApplication - Starting DemoApplication on CCYDESKTOP with PID 7864 (F:\chenyuan\bonelf\bonelf-nocloud\target\classes started by Chenyuan in F:\chenyuan\bonelf\bonelf-nocloud)
2021-08-07 15:46:50.085 [main] INFO  com.bonelf.demo.DemoApplication - The following profiles are active: bonelf,third,dev
2021-08-07 15:46:57.607 [main] INFO  o.s.d.r.config.RepositoryConfigurationDelegate - Multiple Spring Data modules found, entering strict repository configuration mode!
2021-08-07 15:46:57.613 [main] INFO  o.s.d.r.config.RepositoryConfigurationDelegate - Bootstrapping Spring Data Redis repositories in DEFAULT mode.
2021-08-07 15:46:57.664 [main] INFO  o.s.d.r.config.RepositoryConfigurationDelegate - Finished Spring Data repository scanning in 13ms. Found 0 Redis repository interfaces.
2021-08-07 15:46:59.824 [main] INFO  o.s.c.s.PostProcessorRegistrationDelegate$BeanPostProcessorChecker - Bean 'com.bonelf.frame.base.config.RedisAutoConfig' of type [com.bonelf.frame.base.config.RedisAutoConfig$$EnhancerBySpringCGLIB$$1] is not eligible for getting processed by all BeanPostProcessors (for example: not eligible for auto-proxying)
2021-08-07 15:47:00.011 [main] INFO  o.s.c.s.PostProcessorRegistrationDelegate$BeanPostProcessorChecker - Bean 'org.springframework.security.config.annotation.configuration.ObjectPostProcessorConfiguration' of type [org.springframework.security.config.annotation.configuration.ObjectPostProcessorConfiguration] is not eligible for getting processed by all BeanPostProcessors (for example: not eligible for auto-proxying)
2021-08-07 15:47:00.028 [main] INFO  o.s.c.s.PostProcessorRegistrationDelegate$BeanPostProcessorChecker - Bean 'objectPostProcessor' of type [org.springframework.security.config.annotation.configuration.AutowireBeanFactoryObjectPostProcessor] is not eligible for getting processed by all BeanPostProcessors (for example: not eligible for auto-proxying)
2021-08-07 15:47:00.042 [main] INFO  o.s.c.s.PostProcessorRegistrationDelegate$BeanPostProcessorChecker - Bean 'org.springframework.security.access.expression.method.DefaultMethodSecurityExpressionHandler@9e33a6a' of type [org.springframework.security.access.expression.method.DefaultMethodSecurityExpressionHandler] is not eligible for getting processed by all BeanPostProcessors (for example: not eligible for auto-proxying)
2021-08-07 15:47:00.044 [main] INFO  o.s.c.s.PostProcessorRegistrationDelegate$BeanPostProcessorChecker - Bean 'org.springframework.security.config.annotation.method.configuration.GlobalMethodSecurityConfiguration' of type [org.springframework.security.config.annotation.method.configuration.GlobalMethodSecurityConfiguration] is not eligible for getting processed by all BeanPostProcessors (for example: not eligible for auto-proxying)
2021-08-07 15:47:00.065 [main] INFO  o.s.c.s.PostProcessorRegistrationDelegate$BeanPostProcessorChecker - Bean 'methodSecurityMetadataSource' of type [org.springframework.security.access.method.DelegatingMethodSecurityMetadataSource] is not eligible for getting processed by all BeanPostProcessors (for example: not eligible for auto-proxying)
2021-08-07 15:47:00.160 [main] INFO  o.s.c.s.PostProcessorRegistrationDelegate$BeanPostProcessorChecker - Bean 'spring.datasource.dynamic-com.baomidou.dynamic.datasource.spring.boot.autoconfigure.DynamicDataSourceProperties' of type [com.baomidou.dynamic.datasource.spring.boot.autoconfigure.DynamicDataSourceProperties] is not eligible for getting processed by all BeanPostProcessors (for example: not eligible for auto-proxying)
2021-08-07 15:47:00.174 [main] INFO  o.s.c.s.PostProcessorRegistrationDelegate$BeanPostProcessorChecker - Bean 'com.baomidou.dynamic.datasource.spring.boot.autoconfigure.DynamicDataSourceAutoConfiguration' of type [com.baomidou.dynamic.datasource.spring.boot.autoconfigure.DynamicDataSourceAutoConfiguration$$EnhancerBySpringCGLIB$$1] is not eligible for getting processed by all BeanPostProcessors (for example: not eligible for auto-proxying)
2021-08-07 15:47:00.207 [main] INFO  o.s.c.s.PostProcessorRegistrationDelegate$BeanPostProcessorChecker - Bean 'dsProcessor' of type [com.baomidou.dynamic.datasource.processor.DsHeaderProcessor] is not eligible for getting processed by all BeanPostProcessors (for example: not eligible for auto-proxying)
2021-08-07 15:47:00.229 [main] INFO  o.s.c.s.PostProcessorRegistrationDelegate$BeanPostProcessorChecker - Bean 'dynamicDatasourceAnnotationAdvisor' of type [com.baomidou.dynamic.datasource.aop.DynamicDataSourceAnnotationAdvisor] is not eligible for getting processed by all BeanPostProcessors (for example: not eligible for auto-proxying)
2021-08-07 15:47:01.166 [main] INFO  o.s.boot.web.embedded.tomcat.TomcatWebServer - Tomcat initialized with port(s): 8499 (http)
2021-08-07 15:47:01.202 [main] INFO  org.apache.coyote.http11.Http11NioProtocol - Initializing ProtocolHandler ["http-nio-8499"]
2021-08-07 15:47:01.204 [main] INFO  org.apache.catalina.core.StandardService - Starting service [Tomcat]
2021-08-07 15:47:01.204 [main] INFO  org.apache.catalina.core.StandardEngine - Starting Servlet engine: [Apache Tomcat/9.0.31]
2021-08-07 15:47:01.402 [main] INFO  o.a.c.c.C.[Tomcat].[localhost].[/bonelf] - Initializing Spring embedded WebApplicationContext
2021-08-07 15:47:01.404 [main] INFO  org.springframework.web.context.ContextLoader - Root WebApplicationContext: initialization completed in 11161 ms
2021-08-07 15:47:01.816 [main] INFO  c.b.dynamic.datasource.DynamicDataSourceCreator - 动态数据源-检测到druid存在,如配置中未指定type,druid会默认配置
2021-08-07 15:47:01.985 [main] INFO  com.alibaba.druid.pool.DruidDataSource - {dataSource-1,master} inited
2021-08-07 15:47:01.985 [main] INFO  c.b.dynamic.datasource.DynamicRoutingDataSource - 初始共加载 1 个数据源
2021-08-07 15:47:01.985 [main] INFO  c.b.dynamic.datasource.DynamicRoutingDataSource - 动态数据源-加载 master 成功
2021-08-07 15:47:01.986 [main] INFO  c.b.dynamic.datasource.DynamicRoutingDataSource - 当前的默认数据源是单数据源，数据源名为 master
2021-08-07 15:47:04.945 [main] INFO  org.quartz.impl.StdSchedulerFactory - Using default implementation for ThreadExecutor
2021-08-07 15:47:04.981 [main] INFO  org.quartz.core.SchedulerSignalerImpl - Initialized Scheduler Signaller of type: class org.quartz.core.SchedulerSignalerImpl
2021-08-07 15:47:04.983 [main] INFO  org.quartz.core.QuartzScheduler - Quartz Scheduler v.2.3.2 created.
2021-08-07 15:47:04.984 [main] INFO  org.quartz.simpl.RAMJobStore - RAMJobStore initialized.
2021-08-07 15:47:04.986 [main] INFO  org.quartz.core.QuartzScheduler - Scheduler meta-data: Quartz Scheduler (v2.3.2) 'quartzScheduler' with instanceId 'NON_CLUSTERED'
  Scheduler class: 'org.quartz.core.QuartzScheduler' - running locally.
  NOT STARTED.
  Currently in standby mode.
  Number of jobs executed: 0
  Using thread pool 'org.quartz.simpl.SimpleThreadPool' - with 10 threads.
  Using job-store 'org.quartz.simpl.RAMJobStore' - which does not support persistence. and is not clustered.

2021-08-07 15:47:04.987 [main] INFO  org.quartz.impl.StdSchedulerFactory - Quartz scheduler 'quartzScheduler' initialized from an externally provided properties instance.
2021-08-07 15:47:04.987 [main] INFO  org.quartz.impl.StdSchedulerFactory - Quartz scheduler version: 2.3.2
2021-08-07 15:47:04.988 [main] INFO  org.quartz.core.QuartzScheduler - JobFactory set to: org.springframework.scheduling.quartz.SpringBeanJobFactory@690e4b00
2021-08-07 15:47:05.532 [main] INFO  o.s.scheduling.concurrent.ThreadPoolTaskExecutor - Initializing ExecutorService 'clientInboundChannelExecutor'
2021-08-07 15:47:05.581 [main] INFO  o.s.scheduling.concurrent.ThreadPoolTaskExecutor - Initializing ExecutorService 'clientOutboundChannelExecutor'
2021-08-07 15:47:08.469 [main] INFO  o.s.scheduling.concurrent.ThreadPoolTaskExecutor - Initializing ExecutorService 'applicationTaskExecutor'
2021-08-07 15:47:10.286 [main] INFO  o.s.security.web.DefaultSecurityFilterChain - Creating filter chain: Ant [pattern='/**', OPTIONS], []
2021-08-07 15:47:10.287 [main] INFO  o.s.security.web.DefaultSecurityFilterChain - Creating filter chain: Ant [pattern='/swagger-ui/index.html'], []
2021-08-07 15:47:10.288 [main] INFO  o.s.security.web.DefaultSecurityFilterChain - Creating filter chain: Ant [pattern='/oauth/token_key'], []
2021-08-07 15:47:10.288 [main] INFO  o.s.security.web.DefaultSecurityFilterChain - Creating filter chain: Ant [pattern='/login/**'], []
2021-08-07 15:47:10.289 [main] INFO  o.s.security.web.DefaultSecurityFilterChain - Creating filter chain: Ant [pattern='/v2/api-docs'], []
2021-08-07 15:47:10.523 [main] INFO  o.s.security.web.DefaultSecurityFilterChain - Creating filter chain: OrRequestMatcher [requestMatchers=[Ant [pattern='/oauth/token'], Ant [pattern='/oauth/token_key'], Ant [pattern='/oauth/check_token']]], [org.springframework.security.web.context.request.async.WebAsyncManagerIntegrationFilter@2abe5132, org.springframework.security.web.context.SecurityContextPersistenceFilter@4f93816d, org.springframework.security.web.header.HeaderWriterFilter@4ed761dc, org.springframework.security.web.authentication.logout.LogoutFilter@363bf9d, org.springframework.security.oauth2.provider.client.ClientCredentialsTokenEndpointFilter@11893180, org.springframework.security.web.authentication.www.BasicAuthenticationFilter@2fb006dc, org.springframework.security.web.savedrequest.RequestCacheAwareFilter@2de3ac17, org.springframework.security.web.servletapi.SecurityContextHolderAwareRequestFilter@3f6f26cb, org.springframework.security.web.authentication.AnonymousAuthenticationFilter@12fbc568, org.springframework.security.web.session.SessionManagementFilter@6c1f1c03, org.springframework.security.web.access.ExceptionTranslationFilter@19f007c4, org.springframework.security.web.access.intercept.FilterSecurityInterceptor@3a72160a]
2021-08-07 15:47:10.595 [main] INFO  o.s.security.web.DefaultSecurityFilterChain - Creating filter chain: org.springframework.security.oauth2.config.annotation.web.configuration.ResourceServerConfiguration$NotOAuthRequestMatcher@323fa578, [org.springframework.security.web.context.request.async.WebAsyncManagerIntegrationFilter@6d543ec2, org.springframework.security.web.context.SecurityContextPersistenceFilter@38ebf8dc, org.springframework.security.web.header.HeaderWriterFilter@5cc088a8, org.springframework.security.web.authentication.logout.LogoutFilter@16fa28eb, org.springframework.security.oauth2.provider.authentication.OAuth2AuthenticationProcessingFilter@3ea3b20d, org.springframework.security.web.savedrequest.RequestCacheAwareFilter@37d12d0e, org.springframework.security.web.servletapi.SecurityContextHolderAwareRequestFilter@6f8c6694, org.springframework.security.web.authentication.AnonymousAuthenticationFilter@12a719ed, org.springframework.security.web.session.SessionManagementFilter@25777ab6, org.springframework.security.web.access.ExceptionTranslationFilter@6a0ca728, org.springframework.security.web.access.intercept.FilterSecurityInterceptor@2c48eb31]
2021-08-07 15:47:10.644 [main] INFO  o.s.security.web.DefaultSecurityFilterChain - Creating filter chain: any request, [org.springframework.security.web.context.request.async.WebAsyncManagerIntegrationFilter@25f688d5, org.springframework.security.web.context.SecurityContextPersistenceFilter@557ed49a, org.springframework.security.web.header.HeaderWriterFilter@726e780a, org.springframework.security.web.authentication.logout.LogoutFilter@4723445c, org.springframework.security.web.authentication.UsernamePasswordAuthenticationFilter@693afcd1, org.springframework.security.web.authentication.www.BasicAuthenticationFilter@3aaeb65b, org.springframework.security.web.savedrequest.RequestCacheAwareFilter@2d839402, org.springframework.security.web.servletapi.SecurityContextHolderAwareRequestFilter@2c2c1790, org.springframework.security.web.authentication.AnonymousAuthenticationFilter@1b1434ce, org.springframework.security.web.session.SessionManagementFilter@4698ae6, org.springframework.security.web.access.ExceptionTranslationFilter@28fa0ff8, org.springframework.security.web.access.intercept.FilterSecurityInterceptor@2976d625]
2021-08-07 15:47:10.820 [main] INFO  o.s.scheduling.concurrent.ThreadPoolTaskScheduler - Initializing ExecutorService 'messageBrokerTaskScheduler'
2021-08-07 15:47:11.257 [main] INFO  o.s.scheduling.concurrent.ThreadPoolTaskExecutor - Initializing ExecutorService 'brokerChannelExecutor'
2021-08-07 15:47:15.779 [container-1] INFO  io.lettuce.core.EpollProvider - Starting without optional epoll library
2021-08-07 15:47:15.889 [container-1] INFO  io.lettuce.core.KqueueProvider - Starting without optional kqueue library
2021-08-07 15:47:17.654 [main] INFO  o.s.m.simp.broker.SimpleBrokerMessageHandler - Starting...
2021-08-07 15:47:17.656 [main] INFO  o.s.m.simp.broker.SimpleBrokerMessageHandler - BrokerAvailabilityEvent[available=true, SimpleBrokerMessageHandler [DefaultSubscriptionRegistry[cache[0 destination(s)], registry[0 sessions]]]]
2021-08-07 15:47:17.663 [main] INFO  o.s.m.simp.broker.SimpleBrokerMessageHandler - Started.
2021-08-07 15:47:17.664 [main] INFO  o.s.scheduling.quartz.SchedulerFactoryBean - Starting Quartz Scheduler now
2021-08-07 15:47:17.666 [main] INFO  org.quartz.core.QuartzScheduler - Scheduler quartzScheduler_$_NON_CLUSTERED started.
2021-08-07 15:47:17.696 [main] INFO  org.apache.coyote.http11.Http11NioProtocol - Starting ProtocolHandler ["http-nio-8499"]
2021-08-07 15:47:17.811 [main] INFO  o.s.boot.web.embedded.tomcat.TomcatWebServer - Tomcat started on port(s): 8499 (http) with context path '/bonelf'
2021-08-07 15:47:17.822 [main] INFO  com.bonelf.demo.DemoApplication - Started DemoApplication in 29.699 seconds (JVM running for 39.418)
2021-08-07 15:47:18.356 [main] INFO  com.bonelf.demo.DemoApplication - 
----------------------------------------------------------
	Application is running! Access URLs:
	Local: 		http://127.0.0.1:8499/bonelf
	External: 	http://192.168.31.104:8499/bonelf
	Websocket(stomp): 	http://192.168.31.104:8499/bonelf/wst
----------------------------------------------------------
2021-08-07 15:48:11.250 [MessageBroker-1] INFO  o.s.web.socket.config.WebSocketMessageBrokerStats - WebSocketSession[0 current WS(0)-HttpStream(0)-HttpPoll(0), 0 total, 0 closed abnormally (0 connect failure, 0 send limit, 0 transport error)], stompSubProtocol[processed CONNECT(0)-CONNECTED(0)-DISCONNECT(0)], stompBrokerRelay[null], inboundChannel[pool size = 0, active threads = 0, queued tasks = 0, completed tasks = 0], outboundChannel[pool size = 0, active threads = 0, queued tasks = 0, completed tasks = 0], sockJsScheduler[pool size = 1, active threads = 1, queued tasks = 0, completed tasks = 0]
2021-08-07 15:49:03.615 [http-nio-8499-exec-1] INFO  o.a.c.c.C.[Tomcat].[localhost].[/bonelf] - Initializing Spring DispatcherServlet 'dispatcherServlet'
2021-08-07 15:49:03.615 [http-nio-8499-exec-1] INFO  org.springframework.web.servlet.DispatcherServlet - Initializing Servlet 'dispatcherServlet'
2021-08-07 15:49:03.662 [http-nio-8499-exec-1] INFO  org.springframework.web.servlet.DispatcherServlet - Completed initialization in 46 ms
2021-08-07 15:50:10.387 [SpringContextShutdownHook] INFO  o.s.m.simp.broker.SimpleBrokerMessageHandler - Stopping...
2021-08-07 15:50:10.388 [SpringContextShutdownHook] INFO  o.s.m.simp.broker.SimpleBrokerMessageHandler - BrokerAvailabilityEvent[available=false, SimpleBrokerMessageHandler [DefaultSubscriptionRegistry[cache[0 destination(s)], registry[0 sessions]]]]
2021-08-07 15:50:10.388 [SpringContextShutdownHook] INFO  o.s.m.simp.broker.SimpleBrokerMessageHandler - Stopped.
2021-08-07 15:50:10.389 [SpringContextShutdownHook] INFO  org.quartz.core.QuartzScheduler - Scheduler quartzScheduler_$_NON_CLUSTERED paused.
2021-08-07 15:50:10.392 [SpringContextShutdownHook] INFO  o.s.scheduling.concurrent.ThreadPoolTaskExecutor - Shutting down ExecutorService 'brokerChannelExecutor'
2021-08-07 15:50:10.392 [SpringContextShutdownHook] INFO  o.s.scheduling.concurrent.ThreadPoolTaskScheduler - Shutting down ExecutorService 'messageBrokerTaskScheduler'
2021-08-07 15:50:10.395 [SpringContextShutdownHook] INFO  o.s.scheduling.concurrent.ThreadPoolTaskExecutor - Shutting down ExecutorService 'applicationTaskExecutor'
2021-08-07 15:50:10.409 [SpringContextShutdownHook] INFO  o.s.scheduling.concurrent.ThreadPoolTaskExecutor - Shutting down ExecutorService 'clientOutboundChannelExecutor'
2021-08-07 15:50:10.410 [SpringContextShutdownHook] INFO  o.s.scheduling.concurrent.ThreadPoolTaskExecutor - Shutting down ExecutorService 'clientInboundChannelExecutor'
2021-08-07 15:50:10.411 [SpringContextShutdownHook] INFO  o.s.scheduling.quartz.SchedulerFactoryBean - Shutting down Quartz Scheduler
2021-08-07 15:50:10.411 [SpringContextShutdownHook] INFO  org.quartz.core.QuartzScheduler - Scheduler quartzScheduler_$_NON_CLUSTERED shutting down.
2021-08-07 15:50:10.411 [SpringContextShutdownHook] INFO  org.quartz.core.QuartzScheduler - Scheduler quartzScheduler_$_NON_CLUSTERED paused.
2021-08-07 15:50:10.412 [SpringContextShutdownHook] INFO  org.quartz.core.QuartzScheduler - Scheduler quartzScheduler_$_NON_CLUSTERED shutdown complete.
2021-08-07 15:50:10.648 [SpringContextShutdownHook] INFO  c.b.dynamic.datasource.DynamicRoutingDataSource - closing dynamicDatasource  ing....
2021-08-07 15:50:10.657 [SpringContextShutdownHook] INFO  com.alibaba.druid.pool.DruidDataSource - {dataSource-1} closing ...
2021-08-07 15:50:10.670 [SpringContextShutdownHook] INFO  com.alibaba.druid.pool.DruidDataSource - {dataSource-1} closed
2021-08-07 15:50:22.169 [main] INFO  com.bonelf.demo.DemoApplication - Starting DemoApplication on CCYDESKTOP with PID 3292 (F:\chenyuan\bonelf\bonelf-nocloud\target\classes started by Chenyuan in F:\chenyuan\bonelf\bonelf-nocloud)
2021-08-07 15:50:22.175 [main] INFO  com.bonelf.demo.DemoApplication - The following profiles are active: bonelf,third,dev
2021-08-07 15:50:26.049 [main] INFO  o.s.d.r.config.RepositoryConfigurationDelegate - Multiple Spring Data modules found, entering strict repository configuration mode!
2021-08-07 15:50:26.054 [main] INFO  o.s.d.r.config.RepositoryConfigurationDelegate - Bootstrapping Spring Data Redis repositories in DEFAULT mode.
2021-08-07 15:50:26.097 [main] INFO  o.s.d.r.config.RepositoryConfigurationDelegate - Finished Spring Data repository scanning in 14ms. Found 0 Redis repository interfaces.
2021-08-07 15:50:28.081 [main] INFO  o.s.c.s.PostProcessorRegistrationDelegate$BeanPostProcessorChecker - Bean 'com.bonelf.frame.base.config.RedisAutoConfig' of type [com.bonelf.frame.base.config.RedisAutoConfig$$EnhancerBySpringCGLIB$$1] is not eligible for getting processed by all BeanPostProcessors (for example: not eligible for auto-proxying)
2021-08-07 15:50:28.254 [main] INFO  o.s.c.s.PostProcessorRegistrationDelegate$BeanPostProcessorChecker - Bean 'org.springframework.security.config.annotation.configuration.ObjectPostProcessorConfiguration' of type [org.springframework.security.config.annotation.configuration.ObjectPostProcessorConfiguration] is not eligible for getting processed by all BeanPostProcessors (for example: not eligible for auto-proxying)
2021-08-07 15:50:28.272 [main] INFO  o.s.c.s.PostProcessorRegistrationDelegate$BeanPostProcessorChecker - Bean 'objectPostProcessor' of type [org.springframework.security.config.annotation.configuration.AutowireBeanFactoryObjectPostProcessor] is not eligible for getting processed by all BeanPostProcessors (for example: not eligible for auto-proxying)
2021-08-07 15:50:28.285 [main] INFO  o.s.c.s.PostProcessorRegistrationDelegate$BeanPostProcessorChecker - Bean 'org.springframework.security.access.expression.method.DefaultMethodSecurityExpressionHandler@112c2930' of type [org.springframework.security.access.expression.method.DefaultMethodSecurityExpressionHandler] is not eligible for getting processed by all BeanPostProcessors (for example: not eligible for auto-proxying)
2021-08-07 15:50:28.287 [main] INFO  o.s.c.s.PostProcessorRegistrationDelegate$BeanPostProcessorChecker - Bean 'org.springframework.security.config.annotation.method.configuration.GlobalMethodSecurityConfiguration' of type [org.springframework.security.config.annotation.method.configuration.GlobalMethodSecurityConfiguration] is not eligible for getting processed by all BeanPostProcessors (for example: not eligible for auto-proxying)
2021-08-07 15:50:28.311 [main] INFO  o.s.c.s.PostProcessorRegistrationDelegate$BeanPostProcessorChecker - Bean 'methodSecurityMetadataSource' of type [org.springframework.security.access.method.DelegatingMethodSecurityMetadataSource] is not eligible for getting processed by all BeanPostProcessors (for example: not eligible for auto-proxying)
2021-08-07 15:50:28.387 [main] INFO  o.s.c.s.PostProcessorRegistrationDelegate$BeanPostProcessorChecker - Bean 'spring.datasource.dynamic-com.baomidou.dynamic.datasource.spring.boot.autoconfigure.DynamicDataSourceProperties' of type [com.baomidou.dynamic.datasource.spring.boot.autoconfigure.DynamicDataSourceProperties] is not eligible for getting processed by all BeanPostProcessors (for example: not eligible for auto-proxying)
2021-08-07 15:50:28.406 [main] INFO  o.s.c.s.PostProcessorRegistrationDelegate$BeanPostProcessorChecker - Bean 'com.baomidou.dynamic.datasource.spring.boot.autoconfigure.DynamicDataSourceAutoConfiguration' of type [com.baomidou.dynamic.datasource.spring.boot.autoconfigure.DynamicDataSourceAutoConfiguration$$EnhancerBySpringCGLIB$$1] is not eligible for getting processed by all BeanPostProcessors (for example: not eligible for auto-proxying)
2021-08-07 15:50:28.428 [main] INFO  o.s.c.s.PostProcessorRegistrationDelegate$BeanPostProcessorChecker - Bean 'dsProcessor' of type [com.baomidou.dynamic.datasource.processor.DsHeaderProcessor] is not eligible for getting processed by all BeanPostProcessors (for example: not eligible for auto-proxying)
2021-08-07 15:50:28.448 [main] INFO  o.s.c.s.PostProcessorRegistrationDelegate$BeanPostProcessorChecker - Bean 'dynamicDatasourceAnnotationAdvisor' of type [com.baomidou.dynamic.datasource.aop.DynamicDataSourceAnnotationAdvisor] is not eligible for getting processed by all BeanPostProcessors (for example: not eligible for auto-proxying)
2021-08-07 15:50:29.375 [main] INFO  o.s.boot.web.embedded.tomcat.TomcatWebServer - Tomcat initialized with port(s): 8499 (http)
2021-08-07 15:50:29.408 [main] INFO  org.apache.coyote.http11.Http11NioProtocol - Initializing ProtocolHandler ["http-nio-8499"]
2021-08-07 15:50:29.410 [main] INFO  org.apache.catalina.core.StandardService - Starting service [Tomcat]
2021-08-07 15:50:29.410 [main] INFO  org.apache.catalina.core.StandardEngine - Starting Servlet engine: [Apache Tomcat/9.0.31]
2021-08-07 15:50:29.620 [main] INFO  o.a.c.c.C.[Tomcat].[localhost].[/bonelf] - Initializing Spring embedded WebApplicationContext
2021-08-07 15:50:29.621 [main] INFO  org.springframework.web.context.ContextLoader - Root WebApplicationContext: initialization completed in 7327 ms
2021-08-07 15:50:30.073 [main] INFO  c.b.dynamic.datasource.DynamicDataSourceCreator - 动态数据源-检测到druid存在,如配置中未指定type,druid会默认配置
2021-08-07 15:50:30.239 [main] INFO  com.alibaba.druid.pool.DruidDataSource - {dataSource-1,master} inited
2021-08-07 15:50:30.239 [main] INFO  c.b.dynamic.datasource.DynamicRoutingDataSource - 初始共加载 1 个数据源
2021-08-07 15:50:30.240 [main] INFO  c.b.dynamic.datasource.DynamicRoutingDataSource - 动态数据源-加载 master 成功
2021-08-07 15:50:30.241 [main] INFO  c.b.dynamic.datasource.DynamicRoutingDataSource - 当前的默认数据源是单数据源，数据源名为 master
2021-08-07 15:50:33.287 [main] INFO  org.quartz.impl.StdSchedulerFactory - Using default implementation for ThreadExecutor
2021-08-07 15:50:33.320 [main] INFO  org.quartz.core.SchedulerSignalerImpl - Initialized Scheduler Signaller of type: class org.quartz.core.SchedulerSignalerImpl
2021-08-07 15:50:33.321 [main] INFO  org.quartz.core.QuartzScheduler - Quartz Scheduler v.2.3.2 created.
2021-08-07 15:50:33.323 [main] INFO  org.quartz.simpl.RAMJobStore - RAMJobStore initialized.
2021-08-07 15:50:33.325 [main] INFO  org.quartz.core.QuartzScheduler - Scheduler meta-data: Quartz Scheduler (v2.3.2) 'quartzScheduler' with instanceId 'NON_CLUSTERED'
  Scheduler class: 'org.quartz.core.QuartzScheduler' - running locally.
  NOT STARTED.
  Currently in standby mode.
  Number of jobs executed: 0
  Using thread pool 'org.quartz.simpl.SimpleThreadPool' - with 10 threads.
  Using job-store 'org.quartz.simpl.RAMJobStore' - which does not support persistence. and is not clustered.

2021-08-07 15:50:33.326 [main] INFO  org.quartz.impl.StdSchedulerFactory - Quartz scheduler 'quartzScheduler' initialized from an externally provided properties instance.
2021-08-07 15:50:33.326 [main] INFO  org.quartz.impl.StdSchedulerFactory - Quartz scheduler version: 2.3.2
2021-08-07 15:50:33.327 [main] INFO  org.quartz.core.QuartzScheduler - JobFactory set to: org.springframework.scheduling.quartz.SpringBeanJobFactory@3605ab16
2021-08-07 15:50:33.871 [main] INFO  o.s.scheduling.concurrent.ThreadPoolTaskExecutor - Initializing ExecutorService 'clientInboundChannelExecutor'
2021-08-07 15:50:33.929 [main] INFO  o.s.scheduling.concurrent.ThreadPoolTaskExecutor - Initializing ExecutorService 'clientOutboundChannelExecutor'
2021-08-07 15:50:36.899 [main] INFO  o.s.scheduling.concurrent.ThreadPoolTaskExecutor - Initializing ExecutorService 'applicationTaskExecutor'
2021-08-07 15:50:38.468 [main] INFO  o.s.security.web.DefaultSecurityFilterChain - Creating filter chain: Ant [pattern='/**', OPTIONS], []
2021-08-07 15:50:38.468 [main] INFO  o.s.security.web.DefaultSecurityFilterChain - Creating filter chain: Ant [pattern='/swagger-ui/index.html'], []
2021-08-07 15:50:38.469 [main] INFO  o.s.security.web.DefaultSecurityFilterChain - Creating filter chain: Ant [pattern='/oauth/token_key'], []
2021-08-07 15:50:38.469 [main] INFO  o.s.security.web.DefaultSecurityFilterChain - Creating filter chain: Ant [pattern='/login/**'], []
2021-08-07 15:50:38.469 [main] INFO  o.s.security.web.DefaultSecurityFilterChain - Creating filter chain: Ant [pattern='/v2/api-docs'], []
2021-08-07 15:50:38.655 [main] INFO  o.s.security.web.DefaultSecurityFilterChain - Creating filter chain: OrRequestMatcher [requestMatchers=[Ant [pattern='/oauth/token'], Ant [pattern='/oauth/token_key'], Ant [pattern='/oauth/check_token']]], [org.springframework.security.web.context.request.async.WebAsyncManagerIntegrationFilter@5d38758a, org.springframework.security.web.context.SecurityContextPersistenceFilter@435a13ac, org.springframework.security.web.header.HeaderWriterFilter@20c7a91d, org.springframework.security.web.authentication.logout.LogoutFilter@5d0ca8a5, org.springframework.security.oauth2.provider.client.ClientCredentialsTokenEndpointFilter@786d8b3b, org.springframework.security.web.authentication.www.BasicAuthenticationFilter@d88d9d7, org.springframework.security.web.savedrequest.RequestCacheAwareFilter@5de15ce1, org.springframework.security.web.servletapi.SecurityContextHolderAwareRequestFilter@7a68818c, org.springframework.security.web.authentication.AnonymousAuthenticationFilter@4acae4c7, org.springframework.security.web.session.SessionManagementFilter@7e00a43e, org.springframework.security.web.access.ExceptionTranslationFilter@eb1d7c8, org.springframework.security.web.access.intercept.FilterSecurityInterceptor@276ac94c]
2021-08-07 15:50:38.695 [main] INFO  o.s.security.web.DefaultSecurityFilterChain - Creating filter chain: org.springframework.security.oauth2.config.annotation.web.configuration.ResourceServerConfiguration$NotOAuthRequestMatcher@5ad67d82, [org.springframework.security.web.context.request.async.WebAsyncManagerIntegrationFilter@301608d, org.springframework.security.web.context.SecurityContextPersistenceFilter@1ea482b4, org.springframework.security.web.header.HeaderWriterFilter@231d5119, org.springframework.security.web.authentication.logout.LogoutFilter@40ef1198, org.springframework.security.oauth2.provider.authentication.OAuth2AuthenticationProcessingFilter@33012e6f, org.springframework.security.web.savedrequest.RequestCacheAwareFilter@3470c771, org.springframework.security.web.servletapi.SecurityContextHolderAwareRequestFilter@7d2ccd7f, org.springframework.security.web.authentication.AnonymousAuthenticationFilter@3c3a8246, org.springframework.security.web.session.SessionManagementFilter@79cfc008, org.springframework.security.web.access.ExceptionTranslationFilter@557fe039, org.springframework.security.web.access.intercept.FilterSecurityInterceptor@ab7ac41]
2021-08-07 15:50:38.722 [main] INFO  o.s.security.web.DefaultSecurityFilterChain - Creating filter chain: any request, [org.springframework.security.web.context.request.async.WebAsyncManagerIntegrationFilter@62e55482, org.springframework.security.web.context.SecurityContextPersistenceFilter@6e48b9ed, org.springframework.security.web.header.HeaderWriterFilter@4a592d22, org.springframework.security.web.authentication.logout.LogoutFilter@9930ff6, org.springframework.security.web.authentication.UsernamePasswordAuthenticationFilter@6b0aa757, org.springframework.security.web.authentication.www.BasicAuthenticationFilter@1d0695da, org.springframework.security.web.savedrequest.RequestCacheAwareFilter@38ed9fb2, org.springframework.security.web.servletapi.SecurityContextHolderAwareRequestFilter@3bde85b0, org.springframework.security.web.authentication.AnonymousAuthenticationFilter@5ceb6796, org.springframework.security.web.session.SessionManagementFilter@20072ff1, org.springframework.security.web.access.ExceptionTranslationFilter@5f31385e, org.springframework.security.web.access.intercept.FilterSecurityInterceptor@106dee26]
2021-08-07 15:50:38.809 [main] INFO  o.s.scheduling.concurrent.ThreadPoolTaskScheduler - Initializing ExecutorService 'messageBrokerTaskScheduler'
2021-08-07 15:50:38.954 [main] INFO  o.s.scheduling.concurrent.ThreadPoolTaskExecutor - Initializing ExecutorService 'brokerChannelExecutor'
2021-08-07 15:50:41.521 [container-1] INFO  io.lettuce.core.EpollProvider - Starting without optional epoll library
2021-08-07 15:50:41.527 [container-1] INFO  io.lettuce.core.KqueueProvider - Starting without optional kqueue library
2021-08-07 15:50:42.698 [main] INFO  o.s.m.simp.broker.SimpleBrokerMessageHandler - Starting...
2021-08-07 15:50:42.699 [main] INFO  o.s.m.simp.broker.SimpleBrokerMessageHandler - BrokerAvailabilityEvent[available=true, SimpleBrokerMessageHandler [DefaultSubscriptionRegistry[cache[0 destination(s)], registry[0 sessions]]]]
2021-08-07 15:50:42.703 [main] INFO  o.s.m.simp.broker.SimpleBrokerMessageHandler - Started.
2021-08-07 15:50:42.703 [main] INFO  o.s.scheduling.quartz.SchedulerFactoryBean - Starting Quartz Scheduler now
2021-08-07 15:50:42.704 [main] INFO  org.quartz.core.QuartzScheduler - Scheduler quartzScheduler_$_NON_CLUSTERED started.
2021-08-07 15:50:42.724 [main] INFO  org.apache.coyote.http11.Http11NioProtocol - Starting ProtocolHandler ["http-nio-8499"]
2021-08-07 15:50:42.781 [main] INFO  o.s.boot.web.embedded.tomcat.TomcatWebServer - Tomcat started on port(s): 8499 (http) with context path '/bonelf'
2021-08-07 15:50:42.788 [main] INFO  com.bonelf.demo.DemoApplication - Started DemoApplication in 21.935 seconds (JVM running for 28.1)
2021-08-07 15:50:43.168 [main] INFO  com.bonelf.demo.DemoApplication - 
----------------------------------------------------------
	Application is running! Access URLs:
	Local: 		http://127.0.0.1:8499/bonelf
	External: 	http://192.168.31.104:8499/bonelf
	Websocket(stomp): 	http://192.168.31.104:8499/bonelf/wst
----------------------------------------------------------
2021-08-07 15:51:13.181 [http-nio-8499-exec-1] INFO  o.a.c.c.C.[Tomcat].[localhost].[/bonelf] - Initializing Spring DispatcherServlet 'dispatcherServlet'
2021-08-07 15:51:13.182 [http-nio-8499-exec-1] INFO  org.springframework.web.servlet.DispatcherServlet - Initializing Servlet 'dispatcherServlet'
2021-08-07 15:51:13.216 [http-nio-8499-exec-1] INFO  org.springframework.web.servlet.DispatcherServlet - Completed initialization in 34 ms
2021-08-07 15:51:14.485 [Druid-ConnectionPool-Create-615048205] INFO  com.alibaba.druid.pool.DruidAbstractDataSource - {dataSource-1} failContinuous is true
2021-08-07 15:51:38.952 [MessageBroker-1] INFO  o.s.web.socket.config.WebSocketMessageBrokerStats - WebSocketSession[0 current WS(0)-HttpStream(0)-HttpPoll(0), 0 total, 0 closed abnormally (0 connect failure, 0 send limit, 0 transport error)], stompSubProtocol[processed CONNECT(0)-CONNECTED(0)-DISCONNECT(0)], stompBrokerRelay[null], inboundChannel[pool size = 0, active threads = 0, queued tasks = 0, completed tasks = 0], outboundChannel[pool size = 0, active threads = 0, queued tasks = 0, completed tasks = 0], sockJsScheduler[pool size = 1, active threads = 1, queued tasks = 0, completed tasks = 0]
2021-08-07 15:52:11.895 [Druid-ConnectionPool-Create-615048205] INFO  com.alibaba.druid.pool.DruidAbstractDataSource - {dataSource-1} failContinuous is false
2021-08-07 15:52:54.800 [http-nio-8499-exec-6] INFO  c.b.a.core.oauth2.service.CustomUserDetailsService - load user by username :User(userId=1328231759195709441, phone=13758233011, mail=ccykirito@163.com, username=13758233011, openId=oSxri4irwmzqj4VnxfwOtiMjZxaw, nickname=用户126ed3bf6a40a001, password=$2a$10$4uN8mbylLWjj9S4J6cDAvOw42l9r0GbCIDesF7FQ6wHv/rzVqaXIC, verifyCode=null, enabled=true, accountNonExpired=true, credentialsNonExpired=true, accountNonLocked=true, roles=[Role(code=ROLE_role, name=testRole, description=this is an example role), Role(code=test:authority, name=testAuthority, description=this is an example authority)])
2021-08-07 15:53:06.998 [http-nio-8499-exec-8] INFO  c.b.auth.service.impl.IdUserDetailsServiceImpl - load user by id :User(userId=1328231759195709441, phone=13758233011, mail=ccykirito@163.com, username=13758233011, openId=oSxri4irwmzqj4VnxfwOtiMjZxaw, nickname=用户126ed3bf6a40a001, password=$2a$10$4uN8mbylLWjj9S4J6cDAvOw42l9r0GbCIDesF7FQ6wHv/rzVqaXIC, verifyCode=null, enabled=true, accountNonExpired=true, credentialsNonExpired=true, accountNonLocked=true, roles=[Role(code=ROLE_role, name=testRole, description=this is an example role), Role(code=test:authority, name=testAuthority, description=this is an example authority)])
2021-08-07 16:12:01.227 [SpringContextShutdownHook] INFO  o.s.m.simp.broker.SimpleBrokerMessageHandler - Stopping...
2021-08-07 16:12:01.228 [SpringContextShutdownHook] INFO  o.s.m.simp.broker.SimpleBrokerMessageHandler - BrokerAvailabilityEvent[available=false, SimpleBrokerMessageHandler [DefaultSubscriptionRegistry[cache[0 destination(s)], registry[0 sessions]]]]
2021-08-07 16:12:01.229 [SpringContextShutdownHook] INFO  o.s.m.simp.broker.SimpleBrokerMessageHandler - Stopped.
2021-08-07 16:12:01.229 [SpringContextShutdownHook] INFO  org.quartz.core.QuartzScheduler - Scheduler quartzScheduler_$_NON_CLUSTERED paused.
2021-08-07 16:12:01.231 [SpringContextShutdownHook] INFO  o.s.scheduling.concurrent.ThreadPoolTaskExecutor - Shutting down ExecutorService 'brokerChannelExecutor'
2021-08-07 16:12:01.233 [SpringContextShutdownHook] INFO  o.s.scheduling.concurrent.ThreadPoolTaskScheduler - Shutting down ExecutorService 'messageBrokerTaskScheduler'
2021-08-07 16:12:01.235 [SpringContextShutdownHook] INFO  o.s.scheduling.concurrent.ThreadPoolTaskExecutor - Shutting down ExecutorService 'applicationTaskExecutor'
2021-08-07 16:12:01.253 [SpringContextShutdownHook] INFO  o.s.scheduling.concurrent.ThreadPoolTaskExecutor - Shutting down ExecutorService 'clientOutboundChannelExecutor'
2021-08-07 16:12:01.254 [SpringContextShutdownHook] INFO  o.s.scheduling.concurrent.ThreadPoolTaskExecutor - Shutting down ExecutorService 'clientInboundChannelExecutor'
2021-08-07 16:12:01.255 [SpringContextShutdownHook] INFO  o.s.scheduling.quartz.SchedulerFactoryBean - Shutting down Quartz Scheduler
2021-08-07 16:12:01.255 [SpringContextShutdownHook] INFO  org.quartz.core.QuartzScheduler - Scheduler quartzScheduler_$_NON_CLUSTERED shutting down.
2021-08-07 16:12:01.255 [SpringContextShutdownHook] INFO  org.quartz.core.QuartzScheduler - Scheduler quartzScheduler_$_NON_CLUSTERED paused.
2021-08-07 16:12:01.256 [SpringContextShutdownHook] INFO  org.quartz.core.QuartzScheduler - Scheduler quartzScheduler_$_NON_CLUSTERED shutdown complete.
2021-08-07 16:12:01.392 [SpringContextShutdownHook] INFO  c.b.dynamic.datasource.DynamicRoutingDataSource - closing dynamicDatasource  ing....
2021-08-07 16:12:01.399 [SpringContextShutdownHook] INFO  com.alibaba.druid.pool.DruidDataSource - {dataSource-1} closing ...
2021-08-07 16:12:01.405 [SpringContextShutdownHook] INFO  com.alibaba.druid.pool.DruidDataSource - {dataSource-1} closed
