2021-08-08 16:26:50.236 [main] DEBUG com.bonelf.demo.DemoApplication - Running with Spring Boot v2.2.5.RELEASE, Spring v5.2.4.RELEASE
2021-08-08 16:26:54.270 [main] DEBUG org.mybatis.spring.mapper.ClassPathMapperScanner - Creating MapperFactoryBean with name 'dbUserMapper' and 'com.bonelf.auth.web.mapper.DbUserMapper' mapperInterface
2021-08-08 16:26:54.272 [main] DEBUG org.mybatis.spring.mapper.ClassPathMapperScanner - Enabling autowire by type for MapperFactoryBean with name 'dbUserMapper'.
2021-08-08 16:26:54.272 [main] DEBUG org.mybatis.spring.mapper.ClassPathMapperScanner - Creating MapperFactoryBean with name 'sqlMapper' and 'com.bonelf.frame.web.mapper.SqlMapper' mapperInterface
2021-08-08 16:26:54.272 [main] DEBUG org.mybatis.spring.mapper.ClassPathMapperScanner - Enabling autowire by type for MapperFactoryBean with name 'sqlMapper'.
2021-08-08 16:26:54.273 [main] DEBUG org.mybatis.spring.mapper.ClassPathMapperScanner - Creating MapperFactoryBean with name 'sysDictItemMapper' and 'com.bonelf.frame.web.mapper.SysDictItemMapper' mapperInterface
2021-08-08 16:26:54.273 [main] DEBUG org.mybatis.spring.mapper.ClassPathMapperScanner - Enabling autowire by type for MapperFactoryBean with name 'sysDictItemMapper'.
2021-08-08 16:26:54.273 [main] DEBUG org.mybatis.spring.mapper.ClassPathMapperScanner - Creating MapperFactoryBean with name 'sysDictMapper' and 'com.bonelf.frame.web.mapper.SysDictMapper' mapperInterface
2021-08-08 16:26:54.273 [main] DEBUG org.mybatis.spring.mapper.ClassPathMapperScanner - Enabling autowire by type for MapperFactoryBean with name 'sysDictMapper'.
2021-08-08 16:26:54.273 [main] DEBUG org.mybatis.spring.mapper.ClassPathMapperScanner - Creating MapperFactoryBean with name 'quartzJobMapper' and 'com.bonelf.support.web.mapper.QuartzJobMapper' mapperInterface
2021-08-08 16:26:54.275 [main] DEBUG org.mybatis.spring.mapper.ClassPathMapperScanner - Enabling autowire by type for MapperFactoryBean with name 'quartzJobMapper'.
2021-08-08 16:27:04.887 [main] DEBUG com.bonelf.auth.config.WebServerSecurityConfig - HttpSecurity configure method
2021-08-08 16:28:52.797 [main] DEBUG com.bonelf.demo.DemoApplication - Running with Spring Boot v2.2.5.RELEASE, Spring v5.2.4.RELEASE
2021-08-08 16:28:56.743 [main] DEBUG org.mybatis.spring.mapper.ClassPathMapperScanner - Creating MapperFactoryBean with name 'dbUserMapper' and 'com.bonelf.auth.web.mapper.DbUserMapper' mapperInterface
2021-08-08 16:28:56.743 [main] DEBUG org.mybatis.spring.mapper.ClassPathMapperScanner - Enabling autowire by type for MapperFactoryBean with name 'dbUserMapper'.
2021-08-08 16:28:56.746 [main] DEBUG org.mybatis.spring.mapper.ClassPathMapperScanner - Creating MapperFactoryBean with name 'sqlMapper' and 'com.bonelf.frame.web.mapper.SqlMapper' mapperInterface
2021-08-08 16:28:56.746 [main] DEBUG org.mybatis.spring.mapper.ClassPathMapperScanner - Enabling autowire by type for MapperFactoryBean with name 'sqlMapper'.
2021-08-08 16:28:56.746 [main] DEBUG org.mybatis.spring.mapper.ClassPathMapperScanner - Creating MapperFactoryBean with name 'sysDictItemMapper' and 'com.bonelf.frame.web.mapper.SysDictItemMapper' mapperInterface
2021-08-08 16:28:56.746 [main] DEBUG org.mybatis.spring.mapper.ClassPathMapperScanner - Enabling autowire by type for MapperFactoryBean with name 'sysDictItemMapper'.
2021-08-08 16:28:56.746 [main] DEBUG org.mybatis.spring.mapper.ClassPathMapperScanner - Creating MapperFactoryBean with name 'sysDictMapper' and 'com.bonelf.frame.web.mapper.SysDictMapper' mapperInterface
2021-08-08 16:28:56.746 [main] DEBUG org.mybatis.spring.mapper.ClassPathMapperScanner - Enabling autowire by type for MapperFactoryBean with name 'sysDictMapper'.
2021-08-08 16:28:56.748 [main] DEBUG org.mybatis.spring.mapper.ClassPathMapperScanner - Creating MapperFactoryBean with name 'quartzJobMapper' and 'com.bonelf.support.web.mapper.QuartzJobMapper' mapperInterface
2021-08-08 16:28:56.748 [main] DEBUG org.mybatis.spring.mapper.ClassPathMapperScanner - Enabling autowire by type for MapperFactoryBean with name 'quartzJobMapper'.
2021-08-08 16:29:07.436 [main] DEBUG com.bonelf.auth.config.WebServerSecurityConfig - HttpSecurity configure method
2021-08-08 16:29:47.742 [http-nio-8499-exec-2] DEBUG org.mybatis.spring.SqlSessionUtils - Creating a new SqlSession
2021-08-08 16:29:47.756 [http-nio-8499-exec-2] DEBUG org.mybatis.spring.SqlSessionUtils - SqlSession [org.apache.ibatis.session.defaults.DefaultSqlSession@1557813a] was not registered for synchronization because synchronization is not active
2021-08-08 16:29:47.884 [http-nio-8499-exec-2] DEBUG o.m.spring.transaction.SpringManagedTransaction - JDBC Connection [com.alibaba.druid.proxy.jdbc.ConnectionProxyImpl@58316ccf] will not be managed by Spring
2021-08-08 16:29:47.897 [http-nio-8499-exec-2] DEBUG com.bonelf.auth.web.mapper.DbUserMapper.selectOne - ==>  Preparing: SELECT user_id,phone,username,mail,union_id,open_id,user_password AS password,nickname,avatar,gender,country,province,city,user_language AS language,last_login_time,user_status AS status,create_time,update_time FROM bnf_user WHERE (username = ? OR phone = ? OR mail = ?) ORDER BY update_time DESC limit 1
2021-08-08 16:29:47.936 [http-nio-8499-exec-2] DEBUG com.bonelf.auth.web.mapper.DbUserMapper.selectOne - ==> Parameters: 13758233011(String), 13758233011(String), 13758233011(String)
2021-08-08 16:29:47.980 [http-nio-8499-exec-2] DEBUG com.bonelf.auth.web.mapper.DbUserMapper.selectOne - <==      Total: 1
2021-08-08 16:29:47.984 [http-nio-8499-exec-2] DEBUG org.mybatis.spring.SqlSessionUtils - Closing non transactional SqlSession [org.apache.ibatis.session.defaults.DefaultSqlSession@1557813a]
2021-08-08 16:29:48.412 [http-nio-8499-exec-2] DEBUG com.bonelf.auth.core.aop.AuthTokenAspect - ==即将把下面信息放入redis,用于单客户端登录==
userId = 1328231759195709441
token = eyJhbGciOiJSUzI1NiIsInR5cCI6IkpXVCJ9.eyJleHAiOjE2Mjg0MTg1ODgsInVzZXJfaWQiOjEzMjgyMzE3NTkxOTU3MDk0NDEsImp0aSI6ImM2OGI5NWRlLTU0NjgtNDhjNS05OWU2LTIwNDU0YzhlZDliOSIsImNsaWVudF9pZCI6ImFwcF9jbGllbnQiLCJzY29wZSI6WyJhcHAiXSwidXNlcm5hbWUiOiIxMzc1ODIzMzAxMSJ9.QLR_Gw9DBdTMUR4PliFX3mq0LqyPbgUdqsgb5bTHhglVIupq1dcqZ07HdEGFTvOfsafGs618hfedWgseftI5m_XVBipbkuuVYsZA9D8mlTAGivzMzv3kJYdOkeun0PeU27flzNgk-i5xEND4WLRpNupu7QYipvaWuRAO2u7lsDTxUxqQlXcHg3Jzk7F_2m72035INqUHBV4HzcvmOru7iGUQZm3Ih_peRqC0x7J19-FJUV84cX2x0-zxg1nvRWzUNPrcWt0ERcCOa9W42FkpvvgmHfvlIbA6jLh9oEk93cEnvdnHFWgY7J9EtsL2ONzOQ3Yjltf14XRDI47qUldEAQ
expiresIn = 7199
