2021-08-22 14:23:51.496 [main] DEBUG com.bonelf.demo.DemoApplication - Running with Spring Boot v2.2.5.RELEASE, Spring v5.2.4.RELEASE
2021-08-22 14:23:55.179 [main] DEBUG org.mybatis.spring.mapper.ClassPathMapperScanner - Creating MapperFactoryBean with name 'dbUserMapper' and 'com.bonelf.auth.web.mapper.DbUserMapper' mapperInterface
2021-08-22 14:23:55.180 [main] DEBUG org.mybatis.spring.mapper.ClassPathMapperScanner - Enabling autowire by type for MapperFactoryBean with name 'dbUserMapper'.
2021-08-22 14:23:55.181 [main] DEBUG org.mybatis.spring.mapper.ClassPathMapperScanner - Creating MapperFactoryBean with name 'sqlMapper' and 'com.bonelf.frame.web.mapper.SqlMapper' mapperInterface
2021-08-22 14:23:55.181 [main] DEBUG org.mybatis.spring.mapper.ClassPathMapperScanner - Enabling autowire by type for MapperFactoryBean with name 'sqlMapper'.
2021-08-22 14:23:55.182 [main] DEBUG org.mybatis.spring.mapper.ClassPathMapperScanner - Creating MapperFactoryBean with name 'sysDictItemMapper' and 'com.bonelf.frame.web.mapper.SysDictItemMapper' mapperInterface
2021-08-22 14:23:55.182 [main] DEBUG org.mybatis.spring.mapper.ClassPathMapperScanner - Enabling autowire by type for MapperFactoryBean with name 'sysDictItemMapper'.
2021-08-22 14:23:55.182 [main] DEBUG org.mybatis.spring.mapper.ClassPathMapperScanner - Creating MapperFactoryBean with name 'sysDictMapper' and 'com.bonelf.frame.web.mapper.SysDictMapper' mapperInterface
2021-08-22 14:23:55.183 [main] DEBUG org.mybatis.spring.mapper.ClassPathMapperScanner - Enabling autowire by type for MapperFactoryBean with name 'sysDictMapper'.
2021-08-22 14:23:55.183 [main] DEBUG org.mybatis.spring.mapper.ClassPathMapperScanner - Creating MapperFactoryBean with name 'quartzJobMapper' and 'com.bonelf.support.web.mapper.QuartzJobMapper' mapperInterface
2021-08-22 14:23:55.183 [main] DEBUG org.mybatis.spring.mapper.ClassPathMapperScanner - Enabling autowire by type for MapperFactoryBean with name 'quartzJobMapper'.
2021-08-22 14:24:05.765 [main] DEBUG com.bonelf.auth.config.WebServerSecurityConfig - HttpSecurity configure method
2021-08-22 14:25:30.839 [main] DEBUG com.bonelf.demo.DemoApplication - Running with Spring Boot v2.2.5.RELEASE, Spring v5.2.4.RELEASE
2021-08-22 14:25:33.695 [main] DEBUG org.mybatis.spring.mapper.ClassPathMapperScanner - Creating MapperFactoryBean with name 'dbUserMapper' and 'com.bonelf.auth.web.mapper.DbUserMapper' mapperInterface
2021-08-22 14:25:33.696 [main] DEBUG org.mybatis.spring.mapper.ClassPathMapperScanner - Enabling autowire by type for MapperFactoryBean with name 'dbUserMapper'.
2021-08-22 14:25:33.696 [main] DEBUG org.mybatis.spring.mapper.ClassPathMapperScanner - Creating MapperFactoryBean with name 'sqlMapper' and 'com.bonelf.frame.web.mapper.SqlMapper' mapperInterface
2021-08-22 14:25:33.697 [main] DEBUG org.mybatis.spring.mapper.ClassPathMapperScanner - Enabling autowire by type for MapperFactoryBean with name 'sqlMapper'.
2021-08-22 14:25:33.697 [main] DEBUG org.mybatis.spring.mapper.ClassPathMapperScanner - Creating MapperFactoryBean with name 'sysDictItemMapper' and 'com.bonelf.frame.web.mapper.SysDictItemMapper' mapperInterface
2021-08-22 14:25:33.697 [main] DEBUG org.mybatis.spring.mapper.ClassPathMapperScanner - Enabling autowire by type for MapperFactoryBean with name 'sysDictItemMapper'.
2021-08-22 14:25:33.698 [main] DEBUG org.mybatis.spring.mapper.ClassPathMapperScanner - Creating MapperFactoryBean with name 'sysDictMapper' and 'com.bonelf.frame.web.mapper.SysDictMapper' mapperInterface
2021-08-22 14:25:33.699 [main] DEBUG org.mybatis.spring.mapper.ClassPathMapperScanner - Enabling autowire by type for MapperFactoryBean with name 'sysDictMapper'.
2021-08-22 14:25:33.699 [main] DEBUG org.mybatis.spring.mapper.ClassPathMapperScanner - Creating MapperFactoryBean with name 'quartzJobMapper' and 'com.bonelf.support.web.mapper.QuartzJobMapper' mapperInterface
2021-08-22 14:25:33.699 [main] DEBUG org.mybatis.spring.mapper.ClassPathMapperScanner - Enabling autowire by type for MapperFactoryBean with name 'quartzJobMapper'.
2021-08-22 14:25:43.325 [main] DEBUG com.bonelf.auth.config.WebServerSecurityConfig - HttpSecurity configure method
